2026-06-05 16:09:53,249 INFO  org.testng.internal.Utils - [TestNG] Running:
  E:\java\Guru99\testng.xml

2026-06-05 16:09:53,760 INFO  io.github.bonigarcia.wdm.WebDriverManager - Using chromedriver 148.0.7778.178 (resolved driver for Chrome 148)
2026-06-05 16:09:53,799 INFO  io.github.bonigarcia.wdm.WebDriverManager - Exporting webdriver.chrome.driver as C:\Users\himan\.cache\selenium\chromedriver\win64\148.0.7778.178\chromedriver.exe
2026-06-05 16:09:59,815 INFO  io.github.bonigarcia.wdm.WebDriverManager - Using chromedriver 148.0.7778.178 (resolved driver for Chrome 148)
2026-06-05 16:09:59,827 INFO  io.github.bonigarcia.wdm.WebDriverManager - Exporting webdriver.chrome.driver as C:\Users\himan\.cache\selenium\chromedriver\win64\148.0.7778.178\chromedriver.exe
2026-06-05 16:10:05,807 INFO  io.github.bonigarcia.wdm.WebDriverManager - Using chromedriver 148.0.7778.178 (resolved driver for Chrome 148)
2026-06-05 16:10:05,812 INFO  io.github.bonigarcia.wdm.WebDriverManager - Exporting webdriver.chrome.driver as C:\Users\himan\.cache\selenium\chromedriver\win64\148.0.7778.178\chromedriver.exe
2026-06-05 16:10:14,146 INFO  io.github.bonigarcia.wdm.WebDriverManager - Using chromedriver 148.0.7778.178 (resolved driver for Chrome 148)
2026-06-05 16:10:14,154 INFO  io.github.bonigarcia.wdm.WebDriverManager - Exporting webdriver.chrome.driver as C:\Users\himan\.cache\selenium\chromedriver\win64\148.0.7778.178\chromedriver.exe
2026-06-05 16:10:22,547 INFO  io.github.bonigarcia.wdm.WebDriverManager - Using chromedriver 148.0.7778.178 (resolved driver for Chrome 148)
2026-06-05 16:10:22,552 INFO  io.github.bonigarcia.wdm.WebDriverManager - Exporting webdriver.chrome.driver as C:\Users\himan\.cache\selenium\chromedriver\win64\148.0.7778.178\chromedriver.exe
2026-06-05 16:10:36,299 INFO  io.github.bonigarcia.wdm.WebDriverManager - Using chromedriver 148.0.7778.178 (resolved driver for Chrome 148)
2026-06-05 16:10:36,309 INFO  io.github.bonigarcia.wdm.WebDriverManager - Exporting webdriver.chrome.driver as C:\Users\himan\.cache\selenium\chromedriver\win64\148.0.7778.178\chromedriver.exe
2026-06-05 16:10:41,801 INFO  io.github.bonigarcia.wdm.WebDriverManager - Using chromedriver 148.0.7778.178 (resolved driver for Chrome 148)
2026-06-05 16:10:41,810 INFO  io.github.bonigarcia.wdm.WebDriverManager - Exporting webdriver.chrome.driver as C:\Users\himan\.cache\selenium\chromedriver\win64\148.0.7778.178\chromedriver.exe
2026-06-05 16:10:49,960 INFO  io.github.bonigarcia.wdm.WebDriverManager - Using chromedriver 148.0.7778.178 (resolved driver for Chrome 148)
2026-06-05 16:10:49,964 INFO  io.github.bonigarcia.wdm.WebDriverManager - Exporting webdriver.chrome.driver as C:\Users\himan\.cache\selenium\chromedriver\win64\148.0.7778.178\chromedriver.exe
2026-06-05 16:12:53,667 INFO  org.testng.internal.Utils - [TestNG] Running:
  E:\java\Guru99\testng.xml

2026-06-05 16:12:54,083 INFO  io.github.bonigarcia.wdm.WebDriverManager - Using chromedriver 148.0.7778.178 (resolved driver for Chrome 148)
2026-06-05 16:12:54,104 INFO  io.github.bonigarcia.wdm.WebDriverManager - Exporting webdriver.chrome.driver as C:\Users\himan\.cache\selenium\chromedriver\win64\148.0.7778.178\chromedriver.exe
2026-06-05 16:12:59,437 INFO  io.github.bonigarcia.wdm.WebDriverManager - Using chromedriver 148.0.7778.178 (resolved driver for Chrome 148)
2026-06-05 16:12:59,460 INFO  io.github.bonigarcia.wdm.WebDriverManager - Exporting webdriver.chrome.driver as C:\Users\himan\.cache\selenium\chromedriver\win64\148.0.7778.178\chromedriver.exe
2026-06-05 16:13:03,479 INFO  io.github.bonigarcia.wdm.WebDriverManager - Using chromedriver 148.0.7778.178 (resolved driver for Chrome 148)
2026-06-05 16:13:03,504 INFO  io.github.bonigarcia.wdm.WebDriverManager - Exporting webdriver.chrome.driver as C:\Users\himan\.cache\selenium\chromedriver\win64\148.0.7778.178\chromedriver.exe
2026-06-05 16:13:09,030 INFO  io.github.bonigarcia.wdm.WebDriverManager - Using chromedriver 148.0.7778.178 (resolved driver for Chrome 148)
2026-06-05 16:13:09,057 INFO  io.github.bonigarcia.wdm.WebDriverManager - Exporting webdriver.chrome.driver as C:\Users\himan\.cache\selenium\chromedriver\win64\148.0.7778.178\chromedriver.exe
2026-06-05 16:13:28,765 INFO  io.github.bonigarcia.wdm.WebDriverManager - Using chromedriver 148.0.7778.178 (resolved driver for Chrome 148)
2026-06-05 16:13:28,813 INFO  io.github.bonigarcia.wdm.WebDriverManager - Exporting webdriver.chrome.driver as C:\Users\himan\.cache\selenium\chromedriver\win64\148.0.7778.178\chromedriver.exe
2026-06-05 16:13:34,620 INFO  io.github.bonigarcia.wdm.WebDriverManager - Using chromedriver 148.0.7778.178 (resolved driver for Chrome 148)
2026-06-05 16:13:34,645 INFO  io.github.bonigarcia.wdm.WebDriverManager - Exporting webdriver.chrome.driver as C:\Users\himan\.cache\selenium\chromedriver\win64\148.0.7778.178\chromedriver.exe
2026-06-05 16:13:42,182 INFO  io.github.bonigarcia.wdm.WebDriverManager - Using chromedriver 148.0.7778.178 (resolved driver for Chrome 148)
2026-06-05 16:13:42,198 INFO  io.github.bonigarcia.wdm.WebDriverManager - Exporting webdriver.chrome.driver as C:\Users\himan\.cache\selenium\chromedriver\win64\148.0.7778.178\chromedriver.exe
2026-06-05 16:13:48,014 INFO  io.github.bonigarcia.wdm.WebDriverManager - Using chromedriver 148.0.7778.178 (resolved driver for Chrome 148)
2026-06-05 16:13:48,028 INFO  io.github.bonigarcia.wdm.WebDriverManager - Exporting webdriver.chrome.driver as C:\Users\himan\.cache\selenium\chromedriver\win64\148.0.7778.178\chromedriver.exe
2026-06-05 16:15:13,840 INFO  org.testng.internal.Utils - [TestNG] Running:
  E:\java\Guru99\testng.xml

2026-06-05 16:15:14,227 INFO  io.github.bonigarcia.wdm.WebDriverManager - Using chromedriver 148.0.7778.178 (resolved driver for Chrome 148)
2026-06-05 16:15:14,247 INFO  io.github.bonigarcia.wdm.WebDriverManager - Exporting webdriver.chrome.driver as C:\Users\himan\.cache\selenium\chromedriver\win64\148.0.7778.178\chromedriver.exe
2026-06-05 16:15:19,099 INFO  io.github.bonigarcia.wdm.WebDriverManager - Using chromedriver 148.0.7778.178 (resolved driver for Chrome 148)
2026-06-05 16:15:19,121 INFO  io.github.bonigarcia.wdm.WebDriverManager - Exporting webdriver.chrome.driver as C:\Users\himan\.cache\selenium\chromedriver\win64\148.0.7778.178\chromedriver.exe
2026-06-05 16:19:41,860 INFO  org.testng.internal.Utils - [TestNG] Running:
  E:\java\Guru99\testng.xml

2026-06-05 16:19:42,263 INFO  io.github.bonigarcia.wdm.WebDriverManager - Using chromedriver 148.0.7778.178 (resolved driver for Chrome 148)
2026-06-05 16:19:42,293 INFO  io.github.bonigarcia.wdm.WebDriverManager - Exporting webdriver.chrome.driver as C:\Users\himan\.cache\selenium\chromedriver\win64\148.0.7778.178\chromedriver.exe
2026-06-05 16:19:47,218 INFO  io.github.bonigarcia.wdm.WebDriverManager - Using chromedriver 148.0.7778.178 (resolved driver for Chrome 148)
2026-06-05 16:19:47,240 INFO  io.github.bonigarcia.wdm.WebDriverManager - Exporting webdriver.chrome.driver as C:\Users\himan\.cache\selenium\chromedriver\win64\148.0.7778.178\chromedriver.exe
2026-06-05 16:21:20,069 INFO  org.testng.internal.Utils - [TestNG] Running:
  E:\java\Guru99\testng.xml

2026-06-05 16:21:20,536 INFO  io.github.bonigarcia.wdm.WebDriverManager - Using chromedriver 148.0.7778.178 (resolved driver for Chrome 148)
2026-06-05 16:21:20,571 INFO  io.github.bonigarcia.wdm.WebDriverManager - Exporting webdriver.chrome.driver as C:\Users\himan\.cache\selenium\chromedriver\win64\148.0.7778.178\chromedriver.exe
2026-06-05 16:21:24,860 INFO  io.github.bonigarcia.wdm.WebDriverManager - Using chromedriver 148.0.7778.178 (resolved driver for Chrome 148)
2026-06-05 16:21:24,881 INFO  io.github.bonigarcia.wdm.WebDriverManager - Exporting webdriver.chrome.driver as C:\Users\himan\.cache\selenium\chromedriver\win64\148.0.7778.178\chromedriver.exe
2026-06-05 16:21:28,388 INFO  io.github.bonigarcia.wdm.WebDriverManager - Using chromedriver 148.0.7778.178 (resolved driver for Chrome 148)
2026-06-05 16:21:28,413 INFO  io.github.bonigarcia.wdm.WebDriverManager - Exporting webdriver.chrome.driver as C:\Users\himan\.cache\selenium\chromedriver\win64\148.0.7778.178\chromedriver.exe
2026-06-05 16:21:34,027 INFO  io.github.bonigarcia.wdm.WebDriverManager - Using chromedriver 148.0.7778.178 (resolved driver for Chrome 148)
2026-06-05 16:21:34,060 INFO  io.github.bonigarcia.wdm.WebDriverManager - Exporting webdriver.chrome.driver as C:\Users\himan\.cache\selenium\chromedriver\win64\148.0.7778.178\chromedriver.exe
2026-06-05 16:21:47,521 INFO  io.github.bonigarcia.wdm.WebDriverManager - Using chromedriver 148.0.7778.178 (resolved driver for Chrome 148)
2026-06-05 16:21:47,541 INFO  io.github.bonigarcia.wdm.WebDriverManager - Exporting webdriver.chrome.driver as C:\Users\himan\.cache\selenium\chromedriver\win64\148.0.7778.178\chromedriver.exe
2026-06-05 16:21:55,835 INFO  io.github.bonigarcia.wdm.WebDriverManager - Using chromedriver 148.0.7778.178 (resolved driver for Chrome 148)
2026-06-05 16:21:55,865 INFO  io.github.bonigarcia.wdm.WebDriverManager - Exporting webdriver.chrome.driver as C:\Users\himan\.cache\selenium\chromedriver\win64\148.0.7778.178\chromedriver.exe
2026-06-05 16:22:01,285 INFO  io.github.bonigarcia.wdm.WebDriverManager - Using chromedriver 148.0.7778.178 (resolved driver for Chrome 148)
2026-06-05 16:22:01,302 INFO  io.github.bonigarcia.wdm.WebDriverManager - Exporting webdriver.chrome.driver as C:\Users\himan\.cache\selenium\chromedriver\win64\148.0.7778.178\chromedriver.exe
2026-06-05 16:22:08,691 INFO  io.github.bonigarcia.wdm.WebDriverManager - Using chromedriver 148.0.7778.178 (resolved driver for Chrome 148)
2026-06-05 16:22:08,711 INFO  io.github.bonigarcia.wdm.WebDriverManager - Exporting webdriver.chrome.driver as C:\Users\himan\.cache\selenium\chromedriver\win64\148.0.7778.178\chromedriver.exe
2026-06-05 16:25:18,091 INFO  org.testng.internal.Utils - [Utils] MethodGroupsHelper.collectMethodsByGroup() took 1 ms.
2026-06-05 16:25:18,099 INFO  org.testng.internal.Utils - [Utils] MethodGroupsHelper.sortMethods() took 1 ms.
2026-06-05 16:25:18,101 INFO  org.testng.internal.Utils - [Utils] MethodGroupsHelper.collectMethodsByGroup() took 0 ms.
2026-06-05 16:25:18,101 INFO  org.testng.internal.Utils - [Utils] MethodGroupsHelper.sortMethods() took 0 ms.
2026-06-05 16:25:18,104 INFO  org.testng.internal.Utils - [Utils] MethodGroupsHelper.collectMethodsByGroup() took 0 ms.
2026-06-05 16:25:18,104 INFO  org.testng.internal.Utils - [Utils] MethodGroupsHelper.sortMethods() took 0 ms.
2026-06-05 16:25:18,105 INFO  org.testng.internal.Utils - [Utils] MethodGroupsHelper.collectMethodsByGroup() took 0 ms.
2026-06-05 16:25:18,106 INFO  org.testng.internal.Utils - [Utils] MethodGroupsHelper.sortMethods() took 0 ms.
2026-06-05 16:25:18,107 INFO  org.testng.internal.Utils - [Utils] MethodGroupsHelper.collectMethodsByGroup() took 0 ms.
2026-06-05 16:25:18,107 INFO  org.testng.internal.Utils - [Utils] MethodGroupsHelper.sortMethods() took 0 ms.
2026-06-05 16:25:18,108 INFO  org.testng.internal.Utils - [Utils] MethodGroupsHelper.collectMethodsByGroup() took 0 ms.
2026-06-05 16:25:18,108 INFO  org.testng.internal.Utils - [Utils] MethodGroupsHelper.sortMethods() took 0 ms.
2026-06-05 16:25:18,109 INFO  org.testng.internal.Utils - [Utils] MethodGroupsHelper.collectMethodsByGroup() took 0 ms.
2026-06-05 16:25:18,110 INFO  org.testng.internal.Utils - [Utils] MethodGroupsHelper.sortMethods() took 0 ms.
2026-06-05 16:25:18,110 INFO  org.testng.internal.Utils - [Utils] MethodGroupsHelper.collectMethodsByGroup() took 0 ms.
2026-06-05 16:25:18,110 INFO  org.testng.internal.Utils - [Utils] MethodGroupsHelper.sortMethods() took 0 ms.
2026-06-05 16:25:18,117 INFO  org.testng.internal.Utils - [Utils] MethodGroupsHelper.collectMethodsByGroup() took 4 ms.
2026-06-05 16:25:18,125 INFO  org.testng.internal.Utils - [Utils] MethodGroupsHelper.sortMethods() took 8 ms.
2026-06-05 16:25:18,126 INFO  org.testng.internal.Utils - [Utils] MethodGroupsHelper.collectMethodsByGroup() took 0 ms.
2026-06-05 16:25:18,126 INFO  org.testng.internal.Utils - [Utils] MethodGroupsHelper.sortMethods() took 0 ms.
2026-06-05 16:25:18,129 INFO  org.testng.internal.Utils - [Utils] MethodGroupsHelper.collectMethodsByGroup() took 0 ms.
2026-06-05 16:25:18,129 INFO  org.testng.internal.Utils - [Utils] MethodGroupsHelper.sortMethods() took 0 ms.
2026-06-05 16:25:18,129 INFO  org.testng.internal.Utils - [Utils] MethodGroupsHelper.collectMethodsByGroup() took 0 ms.
2026-06-05 16:25:18,129 INFO  org.testng.internal.Utils - [Utils] MethodGroupsHelper.sortMethods() took 0 ms.
2026-06-05 16:25:18,130 INFO  org.testng.internal.Utils - [Utils] MethodGroupsHelper.collectMethodsByGroup() took 0 ms.
2026-06-05 16:25:18,134 INFO  org.testng.internal.Utils - [Utils] MethodGroupsHelper.sortMethods() took 4 ms.
2026-06-05 16:25:18,137 INFO  org.testng.internal.Utils - [Utils] MethodGroupsHelper.collectMethodsByGroup() took 0 ms.
2026-06-05 16:25:18,137 INFO  org.testng.internal.Utils - [Utils] MethodGroupsHelper.sortMethods() took 0 ms.
2026-06-05 16:25:18,137 INFO  org.testng.internal.Utils - [Utils] MethodGroupsHelper.collectMethodsByGroup() took 0 ms.
2026-06-05 16:25:18,137 INFO  org.testng.internal.Utils - [Utils] MethodGroupsHelper.sortMethods() took 0 ms.
2026-06-05 16:25:18,144 INFO  org.testng.internal.Utils - [TestNG] Running:
  C:\Users\himan\AppData\Local\Temp\testng-eclipse--35830859\testng-customsuite.xml

2026-06-05 16:25:18,162 INFO  org.testng.internal.Utils - [Utils] DynamicGraphHelper.createDynamicGraph() took 4 ms.
2026-06-05 16:25:18,607 INFO  io.github.bonigarcia.wdm.WebDriverManager - Using chromedriver 148.0.7778.178 (resolved driver for Chrome 148)
2026-06-05 16:25:18,633 INFO  io.github.bonigarcia.wdm.WebDriverManager - Exporting webdriver.chrome.driver as C:\Users\himan\.cache\selenium\chromedriver\win64\148.0.7778.178\chromedriver.exe
2026-06-05 16:25:22,664 INFO  io.github.bonigarcia.wdm.WebDriverManager - Using chromedriver 148.0.7778.178 (resolved driver for Chrome 148)
2026-06-05 16:25:22,676 INFO  io.github.bonigarcia.wdm.WebDriverManager - Exporting webdriver.chrome.driver as C:\Users\himan\.cache\selenium\chromedriver\win64\148.0.7778.178\chromedriver.exe
2026-06-05 16:25:25,961 INFO  io.github.bonigarcia.wdm.WebDriverManager - Using chromedriver 148.0.7778.178 (resolved driver for Chrome 148)
2026-06-05 16:25:25,970 INFO  io.github.bonigarcia.wdm.WebDriverManager - Exporting webdriver.chrome.driver as C:\Users\himan\.cache\selenium\chromedriver\win64\148.0.7778.178\chromedriver.exe
2026-06-05 16:25:31,608 INFO  org.testng.internal.Utils - [TestNG] Time taken by org.testng.reporters.jq.Main@73c31181: 38 ms
2026-06-05 16:25:31,619 INFO  org.testng.internal.Utils - [TestNG] Time taken by org.testng.reporters.FailedReporter@6ddee60f: 10 ms
2026-06-05 16:25:31,626 INFO  org.testng.internal.Utils - [TestNG] Time taken by org.testng.reporters.XMLReporter@7412a438: 7 ms
2026-06-05 16:25:31,629 INFO  org.testng.internal.Utils - [TestNG] Time taken by org.testng.reporters.EmailableReporter2@2ec99035: 3 ms
2026-06-05 16:25:31,635 INFO  org.testng.internal.Utils - [TestNG] Time taken by org.testng.reporters.JUnitReportReporter@7ca16adc: 4 ms
2026-06-05 16:25:31,636 INFO  org.testng.internal.Utils - [TestNG] Time taken by org.testng.internal.ExitCodeListener@5ae1c281: 0 ms
2026-06-05 16:26:31,026 INFO  org.testng.internal.Utils - [Utils] MethodGroupsHelper.collectMethodsByGroup() took 0 ms.
2026-06-05 16:26:31,032 INFO  org.testng.internal.Utils - [Utils] MethodGroupsHelper.sortMethods() took 1 ms.
2026-06-05 16:26:31,034 INFO  org.testng.internal.Utils - [Utils] MethodGroupsHelper.collectMethodsByGroup() took 0 ms.
2026-06-05 16:26:31,034 INFO  org.testng.internal.Utils - [Utils] MethodGroupsHelper.sortMethods() took 0 ms.
2026-06-05 16:26:31,036 INFO  org.testng.internal.Utils - [Utils] MethodGroupsHelper.collectMethodsByGroup() took 0 ms.
2026-06-05 16:26:31,036 INFO  org.testng.internal.Utils - [Utils] MethodGroupsHelper.sortMethods() took 0 ms.
2026-06-05 16:26:31,037 INFO  org.testng.internal.Utils - [Utils] MethodGroupsHelper.collectMethodsByGroup() took 0 ms.
2026-06-05 16:26:31,038 INFO  org.testng.internal.Utils - [Utils] MethodGroupsHelper.sortMethods() took 0 ms.
2026-06-05 16:26:31,039 INFO  org.testng.internal.Utils - [Utils] MethodGroupsHelper.collectMethodsByGroup() took 0 ms.
2026-06-05 16:26:31,039 INFO  org.testng.internal.Utils - [Utils] MethodGroupsHelper.sortMethods() took 0 ms.
2026-06-05 16:26:31,040 INFO  org.testng.internal.Utils - [Utils] MethodGroupsHelper.collectMethodsByGroup() took 0 ms.
2026-06-05 16:26:31,040 INFO  org.testng.internal.Utils - [Utils] MethodGroupsHelper.sortMethods() took 0 ms.
2026-06-05 16:26:31,040 INFO  org.testng.internal.Utils - [Utils] MethodGroupsHelper.collectMethodsByGroup() took 0 ms.
2026-06-05 16:26:31,040 INFO  org.testng.internal.Utils - [Utils] MethodGroupsHelper.sortMethods() took 0 ms.
2026-06-05 16:26:31,041 INFO  org.testng.internal.Utils - [Utils] MethodGroupsHelper.collectMethodsByGroup() took 0 ms.
2026-06-05 16:26:31,041 INFO  org.testng.internal.Utils - [Utils] MethodGroupsHelper.sortMethods() took 0 ms.
2026-06-05 16:26:31,051 INFO  org.testng.internal.Utils - [Utils] MethodGroupsHelper.collectMethodsByGroup() took 5 ms.
2026-06-05 16:26:31,063 INFO  org.testng.internal.Utils - [Utils] MethodGroupsHelper.sortMethods() took 11 ms.
2026-06-05 16:26:31,065 INFO  org.testng.internal.Utils - [Utils] MethodGroupsHelper.collectMethodsByGroup() took 0 ms.
2026-06-05 16:26:31,066 INFO  org.testng.internal.Utils - [Utils] MethodGroupsHelper.sortMethods() took 0 ms.
2026-06-05 16:26:31,068 INFO  org.testng.internal.Utils - [Utils] MethodGroupsHelper.collectMethodsByGroup() took 0 ms.
2026-06-05 16:26:31,069 INFO  org.testng.internal.Utils - [Utils] MethodGroupsHelper.sortMethods() took 0 ms.
2026-06-05 16:26:31,069 INFO  org.testng.internal.Utils - [Utils] MethodGroupsHelper.collectMethodsByGroup() took 0 ms.
2026-06-05 16:26:31,070 INFO  org.testng.internal.Utils - [Utils] MethodGroupsHelper.sortMethods() took 0 ms.
2026-06-05 16:26:31,074 INFO  org.testng.internal.Utils - [Utils] MethodGroupsHelper.collectMethodsByGroup() took 2 ms.
2026-06-05 16:26:31,074 INFO  org.testng.internal.Utils - [Utils] MethodGroupsHelper.sortMethods() took 0 ms.
2026-06-05 16:26:31,075 INFO  org.testng.internal.Utils - [Utils] MethodGroupsHelper.collectMethodsByGroup() took 0 ms.
2026-06-05 16:26:31,076 INFO  org.testng.internal.Utils - [Utils] MethodGroupsHelper.sortMethods() took 0 ms.
2026-06-05 16:26:31,076 INFO  org.testng.internal.Utils - [Utils] MethodGroupsHelper.collectMethodsByGroup() took 0 ms.
2026-06-05 16:26:31,076 INFO  org.testng.internal.Utils - [Utils] MethodGroupsHelper.sortMethods() took 0 ms.
2026-06-05 16:26:31,081 INFO  org.testng.internal.Utils - [TestNG] Running:
  C:\Users\himan\AppData\Local\Temp\testng-eclipse--992393246\testng-customsuite.xml

2026-06-05 16:26:31,105 INFO  org.testng.internal.Utils - [Utils] DynamicGraphHelper.createDynamicGraph() took 6 ms.
2026-06-05 16:26:31,515 INFO  io.github.bonigarcia.wdm.WebDriverManager - Using chromedriver 148.0.7778.178 (resolved driver for Chrome 148)
2026-06-05 16:26:31,541 INFO  io.github.bonigarcia.wdm.WebDriverManager - Exporting webdriver.chrome.driver as C:\Users\himan\.cache\selenium\chromedriver\win64\148.0.7778.178\chromedriver.exe
2026-06-05 16:26:35,990 INFO  org.testng.internal.Utils - [TestNG] Time taken by org.testng.reporters.jq.Main@2af4129d: 44 ms
2026-06-05 16:26:35,991 INFO  org.testng.internal.Utils - [TestNG] Time taken by org.testng.reporters.FailedReporter@3a175162: 1 ms
2026-06-05 16:26:35,997 INFO  org.testng.internal.Utils - [TestNG] Time taken by org.testng.reporters.XMLReporter@bbf9e07: 6 ms
2026-06-05 16:26:36,005 INFO  org.testng.internal.Utils - [TestNG] Time taken by org.testng.reporters.EmailableReporter2@5f117b3d: 7 ms
2026-06-05 16:26:36,010 INFO  org.testng.internal.Utils - [TestNG] Time taken by org.testng.reporters.JUnitReportReporter@987455b: 5 ms
2026-06-05 16:26:36,011 INFO  org.testng.internal.Utils - [TestNG] Time taken by org.testng.internal.ExitCodeListener@622fdb81: 1 ms
2026-06-05 16:26:47,591 INFO  org.testng.internal.Utils - [Utils] MethodGroupsHelper.collectMethodsByGroup() took 0 ms.
2026-06-05 16:26:47,596 INFO  org.testng.internal.Utils - [Utils] MethodGroupsHelper.sortMethods() took 1 ms.
2026-06-05 16:26:47,598 INFO  org.testng.internal.Utils - [Utils] MethodGroupsHelper.collectMethodsByGroup() took 0 ms.
2026-06-05 16:26:47,598 INFO  org.testng.internal.Utils - [Utils] MethodGroupsHelper.sortMethods() took 0 ms.
2026-06-05 16:26:47,599 INFO  org.testng.internal.Utils - [Utils] MethodGroupsHelper.collectMethodsByGroup() took 0 ms.
2026-06-05 16:26:47,599 INFO  org.testng.internal.Utils - [Utils] MethodGroupsHelper.sortMethods() took 0 ms.
2026-06-05 16:26:47,599 INFO  org.testng.internal.Utils - [Utils] MethodGroupsHelper.collectMethodsByGroup() took 0 ms.
2026-06-05 16:26:47,599 INFO  org.testng.internal.Utils - [Utils] MethodGroupsHelper.sortMethods() took 0 ms.
2026-06-05 16:26:47,600 INFO  org.testng.internal.Utils - [Utils] MethodGroupsHelper.collectMethodsByGroup() took 0 ms.
2026-06-05 16:26:47,600 INFO  org.testng.internal.Utils - [Utils] MethodGroupsHelper.sortMethods() took 0 ms.
2026-06-05 16:26:47,601 INFO  org.testng.internal.Utils - [Utils] MethodGroupsHelper.collectMethodsByGroup() took 1 ms.
2026-06-05 16:26:47,601 INFO  org.testng.internal.Utils - [Utils] MethodGroupsHelper.sortMethods() took 0 ms.
2026-06-05 16:26:47,602 INFO  org.testng.internal.Utils - [Utils] MethodGroupsHelper.collectMethodsByGroup() took 0 ms.
2026-06-05 16:26:47,602 INFO  org.testng.internal.Utils - [Utils] MethodGroupsHelper.sortMethods() took 0 ms.
2026-06-05 16:26:47,603 INFO  org.testng.internal.Utils - [Utils] MethodGroupsHelper.collectMethodsByGroup() took 0 ms.
2026-06-05 16:26:47,604 INFO  org.testng.internal.Utils - [Utils] MethodGroupsHelper.sortMethods() took 0 ms.
2026-06-05 16:26:47,614 INFO  org.testng.internal.Utils - [Utils] MethodGroupsHelper.collectMethodsByGroup() took 6 ms.
2026-06-05 16:26:47,625 INFO  org.testng.internal.Utils - [Utils] MethodGroupsHelper.sortMethods() took 10 ms.
2026-06-05 16:26:47,626 INFO  org.testng.internal.Utils - [Utils] MethodGroupsHelper.collectMethodsByGroup() took 0 ms.
2026-06-05 16:26:47,627 INFO  org.testng.internal.Utils - [Utils] MethodGroupsHelper.sortMethods() took 0 ms.
2026-06-05 16:26:47,631 INFO  org.testng.internal.Utils - [Utils] MethodGroupsHelper.collectMethodsByGroup() took 0 ms.
2026-06-05 16:26:47,631 INFO  org.testng.internal.Utils - [Utils] MethodGroupsHelper.sortMethods() took 0 ms.
2026-06-05 16:26:47,631 INFO  org.testng.internal.Utils - [Utils] MethodGroupsHelper.collectMethodsByGroup() took 0 ms.
2026-06-05 16:26:47,631 INFO  org.testng.internal.Utils - [Utils] MethodGroupsHelper.sortMethods() took 0 ms.
2026-06-05 16:26:47,634 INFO  org.testng.internal.Utils - [Utils] MethodGroupsHelper.collectMethodsByGroup() took 1 ms.
2026-06-05 16:26:47,638 INFO  org.testng.internal.Utils - [Utils] MethodGroupsHelper.sortMethods() took 4 ms.
2026-06-05 16:26:47,639 INFO  org.testng.internal.Utils - [Utils] MethodGroupsHelper.collectMethodsByGroup() took 0 ms.
2026-06-05 16:26:47,639 INFO  org.testng.internal.Utils - [Utils] MethodGroupsHelper.sortMethods() took 0 ms.
2026-06-05 16:26:47,639 INFO  org.testng.internal.Utils - [Utils] MethodGroupsHelper.collectMethodsByGroup() took 0 ms.
2026-06-05 16:26:47,639 INFO  org.testng.internal.Utils - [Utils] MethodGroupsHelper.sortMethods() took 0 ms.
2026-06-05 16:26:47,646 INFO  org.testng.internal.Utils - [TestNG] Running:
  C:\Users\himan\AppData\Local\Temp\testng-eclipse-1374612636\testng-customsuite.xml

2026-06-05 16:26:47,665 INFO  org.testng.internal.Utils - [Utils] DynamicGraphHelper.createDynamicGraph() took 4 ms.
2026-06-05 16:26:48,057 INFO  io.github.bonigarcia.wdm.WebDriverManager - Using chromedriver 148.0.7778.178 (resolved driver for Chrome 148)
2026-06-05 16:26:48,097 INFO  io.github.bonigarcia.wdm.WebDriverManager - Exporting webdriver.chrome.driver as C:\Users\himan\.cache\selenium\chromedriver\win64\148.0.7778.178\chromedriver.exe
2026-06-05 16:26:51,633 INFO  io.github.bonigarcia.wdm.WebDriverManager - Using chromedriver 148.0.7778.178 (resolved driver for Chrome 148)
2026-06-05 16:26:51,641 INFO  io.github.bonigarcia.wdm.WebDriverManager - Exporting webdriver.chrome.driver as C:\Users\himan\.cache\selenium\chromedriver\win64\148.0.7778.178\chromedriver.exe
2026-06-05 16:26:54,875 INFO  io.github.bonigarcia.wdm.WebDriverManager - Using chromedriver 148.0.7778.178 (resolved driver for Chrome 148)
2026-06-05 16:26:54,882 INFO  io.github.bonigarcia.wdm.WebDriverManager - Exporting webdriver.chrome.driver as C:\Users\himan\.cache\selenium\chromedriver\win64\148.0.7778.178\chromedriver.exe
2026-06-05 16:27:00,430 INFO  org.testng.internal.Utils - [TestNG] Time taken by org.testng.reporters.jq.Main@4d7a64ca: 44 ms
2026-06-05 16:27:00,443 INFO  org.testng.internal.Utils - [TestNG] Time taken by org.testng.reporters.FailedReporter@373e6b9d: 13 ms
2026-06-05 16:27:00,455 INFO  org.testng.internal.Utils - [TestNG] Time taken by org.testng.reporters.XMLReporter@16a5c7e4: 12 ms
2026-06-05 16:27:00,461 INFO  org.testng.internal.Utils - [TestNG] Time taken by org.testng.reporters.EmailableReporter2@7ca16adc: 4 ms
2026-06-05 16:27:00,465 INFO  org.testng.internal.Utils - [TestNG] Time taken by org.testng.reporters.JUnitReportReporter@4041739c: 4 ms
2026-06-05 16:27:00,465 INFO  org.testng.internal.Utils - [TestNG] Time taken by org.testng.internal.ExitCodeListener@5cff6b74: 0 ms
2026-06-05 16:28:12,625 INFO  org.testng.internal.Utils - [Utils] MethodGroupsHelper.collectMethodsByGroup() took 0 ms.
2026-06-05 16:28:12,630 INFO  org.testng.internal.Utils - [Utils] MethodGroupsHelper.sortMethods() took 1 ms.
2026-06-05 16:28:12,631 INFO  org.testng.internal.Utils - [Utils] MethodGroupsHelper.collectMethodsByGroup() took 0 ms.
2026-06-05 16:28:12,631 INFO  org.testng.internal.Utils - [Utils] MethodGroupsHelper.sortMethods() took 0 ms.
2026-06-05 16:28:12,632 INFO  org.testng.internal.Utils - [Utils] MethodGroupsHelper.collectMethodsByGroup() took 0 ms.
2026-06-05 16:28:12,632 INFO  org.testng.internal.Utils - [Utils] MethodGroupsHelper.sortMethods() took 0 ms.
2026-06-05 16:28:12,634 INFO  org.testng.internal.Utils - [Utils] MethodGroupsHelper.collectMethodsByGroup() took 0 ms.
2026-06-05 16:28:12,634 INFO  org.testng.internal.Utils - [Utils] MethodGroupsHelper.sortMethods() took 0 ms.
2026-06-05 16:28:12,635 INFO  org.testng.internal.Utils - [Utils] MethodGroupsHelper.collectMethodsByGroup() took 0 ms.
2026-06-05 16:28:12,635 INFO  org.testng.internal.Utils - [Utils] MethodGroupsHelper.sortMethods() took 0 ms.
2026-06-05 16:28:12,637 INFO  org.testng.internal.Utils - [Utils] MethodGroupsHelper.collectMethodsByGroup() took 0 ms.
2026-06-05 16:28:12,637 INFO  org.testng.internal.Utils - [Utils] MethodGroupsHelper.sortMethods() took 0 ms.
2026-06-05 16:28:12,638 INFO  org.testng.internal.Utils - [Utils] MethodGroupsHelper.collectMethodsByGroup() took 0 ms.
2026-06-05 16:28:12,638 INFO  org.testng.internal.Utils - [Utils] MethodGroupsHelper.sortMethods() took 0 ms.
2026-06-05 16:28:12,639 INFO  org.testng.internal.Utils - [Utils] MethodGroupsHelper.collectMethodsByGroup() took 0 ms.
2026-06-05 16:28:12,639 INFO  org.testng.internal.Utils - [Utils] MethodGroupsHelper.sortMethods() took 0 ms.
2026-06-05 16:28:12,647 INFO  org.testng.internal.Utils - [Utils] MethodGroupsHelper.collectMethodsByGroup() took 5 ms.
2026-06-05 16:28:12,655 INFO  org.testng.internal.Utils - [Utils] MethodGroupsHelper.sortMethods() took 8 ms.
2026-06-05 16:28:12,657 INFO  org.testng.internal.Utils - [Utils] MethodGroupsHelper.collectMethodsByGroup() took 0 ms.
2026-06-05 16:28:12,658 INFO  org.testng.internal.Utils - [Utils] MethodGroupsHelper.sortMethods() took 0 ms.
2026-06-05 16:28:12,660 INFO  org.testng.internal.Utils - [Utils] MethodGroupsHelper.collectMethodsByGroup() took 0 ms.
2026-06-05 16:28:12,660 INFO  org.testng.internal.Utils - [Utils] MethodGroupsHelper.sortMethods() took 0 ms.
2026-06-05 16:28:12,660 INFO  org.testng.internal.Utils - [Utils] MethodGroupsHelper.collectMethodsByGroup() took 0 ms.
2026-06-05 16:28:12,660 INFO  org.testng.internal.Utils - [Utils] MethodGroupsHelper.sortMethods() took 0 ms.
2026-06-05 16:28:12,662 INFO  org.testng.internal.Utils - [Utils] MethodGroupsHelper.collectMethodsByGroup() took 1 ms.
2026-06-05 16:28:12,663 INFO  org.testng.internal.Utils - [Utils] MethodGroupsHelper.sortMethods() took 0 ms.
2026-06-05 16:28:12,664 INFO  org.testng.internal.Utils - [Utils] MethodGroupsHelper.collectMethodsByGroup() took 0 ms.
2026-06-05 16:28:12,664 INFO  org.testng.internal.Utils - [Utils] MethodGroupsHelper.sortMethods() took 0 ms.
2026-06-05 16:28:12,665 INFO  org.testng.internal.Utils - [Utils] MethodGroupsHelper.collectMethodsByGroup() took 0 ms.
2026-06-05 16:28:12,665 INFO  org.testng.internal.Utils - [Utils] MethodGroupsHelper.sortMethods() took 0 ms.
2026-06-05 16:28:12,671 INFO  org.testng.internal.Utils - [TestNG] Running:
  C:\Users\himan\AppData\Local\Temp\testng-eclipse-795488921\testng-customsuite.xml

2026-06-05 16:28:12,689 INFO  org.testng.internal.Utils - [Utils] DynamicGraphHelper.createDynamicGraph() took 6 ms.
2026-06-05 16:28:13,065 INFO  io.github.bonigarcia.wdm.WebDriverManager - Using chromedriver 148.0.7778.178 (resolved driver for Chrome 148)
2026-06-05 16:28:13,100 INFO  io.github.bonigarcia.wdm.WebDriverManager - Exporting webdriver.chrome.driver as C:\Users\himan\.cache\selenium\chromedriver\win64\148.0.7778.178\chromedriver.exe
2026-06-05 16:28:17,314 INFO  org.testng.internal.Utils - [TestNG] Time taken by org.testng.reporters.jq.Main@3a175162: 50 ms
2026-06-05 16:28:17,325 INFO  org.testng.internal.Utils - [TestNG] Time taken by org.testng.reporters.FailedReporter@72825400: 11 ms
2026-06-05 16:28:17,330 INFO  org.testng.internal.Utils - [TestNG] Time taken by org.testng.reporters.XMLReporter@574cd322: 5 ms
2026-06-05 16:28:17,339 INFO  org.testng.internal.Utils - [TestNG] Time taken by org.testng.reporters.EmailableReporter2@1b5c3e5f: 8 ms
2026-06-05 16:28:17,346 INFO  org.testng.internal.Utils - [TestNG] Time taken by org.testng.reporters.JUnitReportReporter@6c6333cd: 6 ms
2026-06-05 16:28:17,346 INFO  org.testng.internal.Utils - [TestNG] Time taken by org.testng.internal.ExitCodeListener@3e47a03: 0 ms
2026-06-05 16:28:33,537 INFO  org.testng.internal.Utils - [Utils] MethodGroupsHelper.collectMethodsByGroup() took 1 ms.
2026-06-05 16:28:33,545 INFO  org.testng.internal.Utils - [Utils] MethodGroupsHelper.sortMethods() took 2 ms.
2026-06-05 16:28:33,546 INFO  org.testng.internal.Utils - [Utils] MethodGroupsHelper.collectMethodsByGroup() took 0 ms.
2026-06-05 16:28:33,547 INFO  org.testng.internal.Utils - [Utils] MethodGroupsHelper.sortMethods() took 0 ms.
2026-06-05 16:28:33,547 INFO  org.testng.internal.Utils - [Utils] MethodGroupsHelper.collectMethodsByGroup() took 0 ms.
2026-06-05 16:28:33,547 INFO  org.testng.internal.Utils - [Utils] MethodGroupsHelper.sortMethods() took 0 ms.
2026-06-05 16:28:33,548 INFO  org.testng.internal.Utils - [Utils] MethodGroupsHelper.collectMethodsByGroup() took 0 ms.
2026-06-05 16:28:33,548 INFO  org.testng.internal.Utils - [Utils] MethodGroupsHelper.sortMethods() took 0 ms.
2026-06-05 16:28:33,548 INFO  org.testng.internal.Utils - [Utils] MethodGroupsHelper.collectMethodsByGroup() took 0 ms.
2026-06-05 16:28:33,548 INFO  org.testng.internal.Utils - [Utils] MethodGroupsHelper.sortMethods() took 0 ms.
2026-06-05 16:28:33,549 INFO  org.testng.internal.Utils - [Utils] MethodGroupsHelper.collectMethodsByGroup() took 0 ms.
2026-06-05 16:28:33,549 INFO  org.testng.internal.Utils - [Utils] MethodGroupsHelper.sortMethods() took 0 ms.
2026-06-05 16:28:33,550 INFO  org.testng.internal.Utils - [Utils] MethodGroupsHelper.collectMethodsByGroup() took 0 ms.
2026-06-05 16:28:33,550 INFO  org.testng.internal.Utils - [Utils] MethodGroupsHelper.sortMethods() took 0 ms.
2026-06-05 16:28:33,550 INFO  org.testng.internal.Utils - [Utils] MethodGroupsHelper.collectMethodsByGroup() took 0 ms.
2026-06-05 16:28:33,551 INFO  org.testng.internal.Utils - [Utils] MethodGroupsHelper.sortMethods() took 0 ms.
2026-06-05 16:28:33,562 INFO  org.testng.internal.Utils - [Utils] MethodGroupsHelper.collectMethodsByGroup() took 6 ms.
2026-06-05 16:28:33,574 INFO  org.testng.internal.Utils - [Utils] MethodGroupsHelper.sortMethods() took 12 ms.
2026-06-05 16:28:33,575 INFO  org.testng.internal.Utils - [Utils] MethodGroupsHelper.collectMethodsByGroup() took 0 ms.
2026-06-05 16:28:33,576 INFO  org.testng.internal.Utils - [Utils] MethodGroupsHelper.sortMethods() took 0 ms.
2026-06-05 16:28:33,579 INFO  org.testng.internal.Utils - [Utils] MethodGroupsHelper.collectMethodsByGroup() took 0 ms.
2026-06-05 16:28:33,579 INFO  org.testng.internal.Utils - [Utils] MethodGroupsHelper.sortMethods() took 0 ms.
2026-06-05 16:28:33,579 INFO  org.testng.internal.Utils - [Utils] MethodGroupsHelper.collectMethodsByGroup() took 0 ms.
2026-06-05 16:28:33,579 INFO  org.testng.internal.Utils - [Utils] MethodGroupsHelper.sortMethods() took 0 ms.
2026-06-05 16:28:33,582 INFO  org.testng.internal.Utils - [Utils] MethodGroupsHelper.collectMethodsByGroup() took 1 ms.
2026-06-05 16:28:33,582 INFO  org.testng.internal.Utils - [Utils] MethodGroupsHelper.sortMethods() took 0 ms.
2026-06-05 16:28:33,585 INFO  org.testng.internal.Utils - [Utils] MethodGroupsHelper.collectMethodsByGroup() took 0 ms.
2026-06-05 16:28:33,585 INFO  org.testng.internal.Utils - [Utils] MethodGroupsHelper.sortMethods() took 0 ms.
2026-06-05 16:28:33,586 INFO  org.testng.internal.Utils - [Utils] MethodGroupsHelper.collectMethodsByGroup() took 0 ms.
2026-06-05 16:28:33,586 INFO  org.testng.internal.Utils - [Utils] MethodGroupsHelper.sortMethods() took 0 ms.
2026-06-05 16:28:33,592 INFO  org.testng.internal.Utils - [TestNG] Running:
  C:\Users\himan\AppData\Local\Temp\testng-eclipse-1327073983\testng-customsuite.xml

2026-06-05 16:28:33,610 INFO  org.testng.internal.Utils - [Utils] DynamicGraphHelper.createDynamicGraph() took 4 ms.
2026-06-05 16:28:33,994 INFO  io.github.bonigarcia.wdm.WebDriverManager - Using chromedriver 148.0.7778.178 (resolved driver for Chrome 148)
2026-06-05 16:28:34,041 INFO  io.github.bonigarcia.wdm.WebDriverManager - Exporting webdriver.chrome.driver as C:\Users\himan\.cache\selenium\chromedriver\win64\148.0.7778.178\chromedriver.exe
2026-06-05 16:28:37,871 INFO  org.testng.internal.Utils - [TestNG] Time taken by org.testng.reporters.jq.Main@2af4129d: 54 ms
2026-06-05 16:28:37,889 INFO  org.testng.internal.Utils - [TestNG] Time taken by org.testng.reporters.FailedReporter@396ef8b2: 18 ms
2026-06-05 16:28:37,901 INFO  org.testng.internal.Utils - [TestNG] Time taken by org.testng.reporters.XMLReporter@20576557: 12 ms
2026-06-05 16:28:37,909 INFO  org.testng.internal.Utils - [TestNG] Time taken by org.testng.reporters.EmailableReporter2@fb713e7: 8 ms
2026-06-05 16:28:37,916 INFO  org.testng.internal.Utils - [TestNG] Time taken by org.testng.reporters.JUnitReportReporter@5aaaa446: 7 ms
2026-06-05 16:28:37,916 INFO  org.testng.internal.Utils - [TestNG] Time taken by org.testng.internal.ExitCodeListener@6c6333cd: 0 ms
2026-06-05 16:29:01,315 INFO  org.testng.internal.Utils - [Utils] MethodGroupsHelper.collectMethodsByGroup() took 0 ms.
2026-06-05 16:29:01,324 INFO  org.testng.internal.Utils - [Utils] MethodGroupsHelper.sortMethods() took 2 ms.
2026-06-05 16:29:01,327 INFO  org.testng.internal.Utils - [Utils] MethodGroupsHelper.collectMethodsByGroup() took 0 ms.
2026-06-05 16:29:01,327 INFO  org.testng.internal.Utils - [Utils] MethodGroupsHelper.sortMethods() took 0 ms.
2026-06-05 16:29:01,328 INFO  org.testng.internal.Utils - [Utils] MethodGroupsHelper.collectMethodsByGroup() took 0 ms.
2026-06-05 16:29:01,329 INFO  org.testng.internal.Utils - [Utils] MethodGroupsHelper.sortMethods() took 0 ms.
2026-06-05 16:29:01,329 INFO  org.testng.internal.Utils - [Utils] MethodGroupsHelper.collectMethodsByGroup() took 0 ms.
2026-06-05 16:29:01,330 INFO  org.testng.internal.Utils - [Utils] MethodGroupsHelper.sortMethods() took 0 ms.
2026-06-05 16:29:01,330 INFO  org.testng.internal.Utils - [Utils] MethodGroupsHelper.collectMethodsByGroup() took 0 ms.
2026-06-05 16:29:01,331 INFO  org.testng.internal.Utils - [Utils] MethodGroupsHelper.sortMethods() took 0 ms.
2026-06-05 16:29:01,332 INFO  org.testng.internal.Utils - [Utils] MethodGroupsHelper.collectMethodsByGroup() took 0 ms.
2026-06-05 16:29:01,332 INFO  org.testng.internal.Utils - [Utils] MethodGroupsHelper.sortMethods() took 0 ms.
2026-06-05 16:29:01,333 INFO  org.testng.internal.Utils - [Utils] MethodGroupsHelper.collectMethodsByGroup() took 0 ms.
2026-06-05 16:29:01,333 INFO  org.testng.internal.Utils - [Utils] MethodGroupsHelper.sortMethods() took 0 ms.
2026-06-05 16:29:01,336 INFO  org.testng.internal.Utils - [Utils] MethodGroupsHelper.collectMethodsByGroup() took 0 ms.
2026-06-05 16:29:01,336 INFO  org.testng.internal.Utils - [Utils] MethodGroupsHelper.sortMethods() took 0 ms.
2026-06-05 16:29:01,345 INFO  org.testng.internal.Utils - [Utils] MethodGroupsHelper.collectMethodsByGroup() took 6 ms.
2026-06-05 16:29:01,356 INFO  org.testng.internal.Utils - [Utils] MethodGroupsHelper.sortMethods() took 11 ms.
2026-06-05 16:29:01,357 INFO  org.testng.internal.Utils - [Utils] MethodGroupsHelper.collectMethodsByGroup() took 0 ms.
2026-06-05 16:29:01,357 INFO  org.testng.internal.Utils - [Utils] MethodGroupsHelper.sortMethods() took 0 ms.
2026-06-05 16:29:01,360 INFO  org.testng.internal.Utils - [Utils] MethodGroupsHelper.collectMethodsByGroup() took 0 ms.
2026-06-05 16:29:01,361 INFO  org.testng.internal.Utils - [Utils] MethodGroupsHelper.sortMethods() took 0 ms.
2026-06-05 16:29:01,361 INFO  org.testng.internal.Utils - [Utils] MethodGroupsHelper.collectMethodsByGroup() took 0 ms.
2026-06-05 16:29:01,361 INFO  org.testng.internal.Utils - [Utils] MethodGroupsHelper.sortMethods() took 0 ms.
2026-06-05 16:29:01,365 INFO  org.testng.internal.Utils - [Utils] MethodGroupsHelper.collectMethodsByGroup() took 2 ms.
2026-06-05 16:29:01,365 INFO  org.testng.internal.Utils - [Utils] MethodGroupsHelper.sortMethods() took 0 ms.
2026-06-05 16:29:01,367 INFO  org.testng.internal.Utils - [Utils] MethodGroupsHelper.collectMethodsByGroup() took 0 ms.
2026-06-05 16:29:01,368 INFO  org.testng.internal.Utils - [Utils] MethodGroupsHelper.sortMethods() took 0 ms.
2026-06-05 16:29:01,368 INFO  org.testng.internal.Utils - [Utils] MethodGroupsHelper.collectMethodsByGroup() took 0 ms.
2026-06-05 16:29:01,368 INFO  org.testng.internal.Utils - [Utils] MethodGroupsHelper.sortMethods() took 0 ms.
2026-06-05 16:29:01,377 INFO  org.testng.internal.Utils - [TestNG] Running:
  C:\Users\himan\AppData\Local\Temp\testng-eclipse--1773217330\testng-customsuite.xml

2026-06-05 16:29:01,396 INFO  org.testng.internal.Utils - [Utils] DynamicGraphHelper.createDynamicGraph() took 4 ms.
2026-06-05 16:29:01,739 INFO  io.github.bonigarcia.wdm.WebDriverManager - Using chromedriver 148.0.7778.178 (resolved driver for Chrome 148)
2026-06-05 16:29:01,766 INFO  io.github.bonigarcia.wdm.WebDriverManager - Exporting webdriver.chrome.driver as C:\Users\himan\.cache\selenium\chromedriver\win64\148.0.7778.178\chromedriver.exe
2026-06-05 16:29:06,266 INFO  org.testng.internal.Utils - [TestNG] Time taken by org.testng.reporters.jq.Main@3a175162: 68 ms
2026-06-05 16:29:06,279 INFO  org.testng.internal.Utils - [TestNG] Time taken by org.testng.reporters.FailedReporter@72825400: 13 ms
2026-06-05 16:29:06,292 INFO  org.testng.internal.Utils - [TestNG] Time taken by org.testng.reporters.XMLReporter@574cd322: 11 ms
2026-06-05 16:29:06,299 INFO  org.testng.internal.Utils - [TestNG] Time taken by org.testng.reporters.EmailableReporter2@1b5c3e5f: 7 ms
2026-06-05 16:29:06,309 INFO  org.testng.internal.Utils - [TestNG] Time taken by org.testng.reporters.JUnitReportReporter@6c6333cd: 10 ms
2026-06-05 16:29:06,310 INFO  org.testng.internal.Utils - [TestNG] Time taken by org.testng.internal.ExitCodeListener@3e47a03: 1 ms
2026-06-05 16:30:02,002 INFO  org.testng.internal.Utils - [Utils] MethodGroupsHelper.collectMethodsByGroup() took 0 ms.
2026-06-05 16:30:02,008 INFO  org.testng.internal.Utils - [Utils] MethodGroupsHelper.sortMethods() took 2 ms.
2026-06-05 16:30:02,009 INFO  org.testng.internal.Utils - [Utils] MethodGroupsHelper.collectMethodsByGroup() took 0 ms.
2026-06-05 16:30:02,010 INFO  org.testng.internal.Utils - [Utils] MethodGroupsHelper.sortMethods() took 0 ms.
2026-06-05 16:30:02,010 INFO  org.testng.internal.Utils - [Utils] MethodGroupsHelper.collectMethodsByGroup() took 0 ms.
2026-06-05 16:30:02,010 INFO  org.testng.internal.Utils - [Utils] MethodGroupsHelper.sortMethods() took 0 ms.
2026-06-05 16:30:02,011 INFO  org.testng.internal.Utils - [Utils] MethodGroupsHelper.collectMethodsByGroup() took 0 ms.
2026-06-05 16:30:02,011 INFO  org.testng.internal.Utils - [Utils] MethodGroupsHelper.sortMethods() took 0 ms.
2026-06-05 16:30:02,011 INFO  org.testng.internal.Utils - [Utils] MethodGroupsHelper.collectMethodsByGroup() took 0 ms.
2026-06-05 16:30:02,012 INFO  org.testng.internal.Utils - [Utils] MethodGroupsHelper.sortMethods() took 0 ms.
2026-06-05 16:30:02,012 INFO  org.testng.internal.Utils - [Utils] MethodGroupsHelper.collectMethodsByGroup() took 0 ms.
2026-06-05 16:30:02,012 INFO  org.testng.internal.Utils - [Utils] MethodGroupsHelper.sortMethods() took 0 ms.
2026-06-05 16:30:02,013 INFO  org.testng.internal.Utils - [Utils] MethodGroupsHelper.collectMethodsByGroup() took 0 ms.
2026-06-05 16:30:02,013 INFO  org.testng.internal.Utils - [Utils] MethodGroupsHelper.sortMethods() took 0 ms.
2026-06-05 16:30:02,013 INFO  org.testng.internal.Utils - [Utils] MethodGroupsHelper.collectMethodsByGroup() took 0 ms.
2026-06-05 16:30:02,013 INFO  org.testng.internal.Utils - [Utils] MethodGroupsHelper.sortMethods() took 0 ms.
2026-06-05 16:30:02,022 INFO  org.testng.internal.Utils - [Utils] MethodGroupsHelper.collectMethodsByGroup() took 6 ms.
2026-06-05 16:30:02,029 INFO  org.testng.internal.Utils - [Utils] MethodGroupsHelper.sortMethods() took 7 ms.
2026-06-05 16:30:02,031 INFO  org.testng.internal.Utils - [Utils] MethodGroupsHelper.collectMethodsByGroup() took 0 ms.
2026-06-05 16:30:02,031 INFO  org.testng.internal.Utils - [Utils] MethodGroupsHelper.sortMethods() took 0 ms.
2026-06-05 16:30:02,033 INFO  org.testng.internal.Utils - [Utils] MethodGroupsHelper.collectMethodsByGroup() took 0 ms.
2026-06-05 16:30:02,033 INFO  org.testng.internal.Utils - [Utils] MethodGroupsHelper.sortMethods() took 0 ms.
2026-06-05 16:30:02,035 INFO  org.testng.internal.Utils - [Utils] MethodGroupsHelper.collectMethodsByGroup() took 0 ms.
2026-06-05 16:30:02,035 INFO  org.testng.internal.Utils - [Utils] MethodGroupsHelper.sortMethods() took 0 ms.
2026-06-05 16:30:02,038 INFO  org.testng.internal.Utils - [Utils] MethodGroupsHelper.collectMethodsByGroup() took 2 ms.
2026-06-05 16:30:02,039 INFO  org.testng.internal.Utils - [Utils] MethodGroupsHelper.sortMethods() took 0 ms.
2026-06-05 16:30:02,040 INFO  org.testng.internal.Utils - [Utils] MethodGroupsHelper.collectMethodsByGroup() took 0 ms.
2026-06-05 16:30:02,040 INFO  org.testng.internal.Utils - [Utils] MethodGroupsHelper.sortMethods() took 0 ms.
2026-06-05 16:30:02,040 INFO  org.testng.internal.Utils - [Utils] MethodGroupsHelper.collectMethodsByGroup() took 0 ms.
2026-06-05 16:30:02,041 INFO  org.testng.internal.Utils - [Utils] MethodGroupsHelper.sortMethods() took 0 ms.
2026-06-05 16:30:02,046 INFO  org.testng.internal.Utils - [TestNG] Running:
  C:\Users\himan\AppData\Local\Temp\testng-eclipse-476850077\testng-customsuite.xml

2026-06-05 16:30:02,063 INFO  org.testng.internal.Utils - [Utils] DynamicGraphHelper.createDynamicGraph() took 3 ms.
2026-06-05 16:30:02,461 INFO  io.github.bonigarcia.wdm.WebDriverManager - Using chromedriver 148.0.7778.178 (resolved driver for Chrome 148)
2026-06-05 16:30:02,487 INFO  io.github.bonigarcia.wdm.WebDriverManager - Exporting webdriver.chrome.driver as C:\Users\himan\.cache\selenium\chromedriver\win64\148.0.7778.178\chromedriver.exe
2026-06-05 16:30:08,759 INFO  org.testng.internal.Utils - [TestNG] Time taken by org.testng.reporters.jq.Main@61c42416: 44 ms
2026-06-05 16:30:08,769 INFO  org.testng.internal.Utils - [TestNG] Time taken by org.testng.reporters.FailedReporter@4eb1c69: 10 ms
2026-06-05 16:30:08,777 INFO  org.testng.internal.Utils - [TestNG] Time taken by org.testng.reporters.XMLReporter@1866da85: 7 ms
2026-06-05 16:30:08,783 INFO  org.testng.internal.Utils - [TestNG] Time taken by org.testng.reporters.EmailableReporter2@690bc15e: 6 ms
2026-06-05 16:30:08,792 INFO  org.testng.internal.Utils - [TestNG] Time taken by org.testng.reporters.JUnitReportReporter@6ec7bce0: 9 ms
2026-06-05 16:30:08,792 INFO  org.testng.internal.Utils - [TestNG] Time taken by org.testng.internal.ExitCodeListener@2d272b0d: 0 ms
2026-06-05 16:31:55,010 INFO  org.testng.internal.Utils - [Utils] MethodGroupsHelper.collectMethodsByGroup() took 0 ms.
2026-06-05 16:31:55,018 INFO  org.testng.internal.Utils - [Utils] MethodGroupsHelper.sortMethods() took 3 ms.
2026-06-05 16:31:55,020 INFO  org.testng.internal.Utils - [Utils] MethodGroupsHelper.collectMethodsByGroup() took 0 ms.
2026-06-05 16:31:55,020 INFO  org.testng.internal.Utils - [Utils] MethodGroupsHelper.sortMethods() took 0 ms.
2026-06-05 16:31:55,020 INFO  org.testng.internal.Utils - [Utils] MethodGroupsHelper.collectMethodsByGroup() took 0 ms.
2026-06-05 16:31:55,021 INFO  org.testng.internal.Utils - [Utils] MethodGroupsHelper.sortMethods() took 0 ms.
2026-06-05 16:31:55,021 INFO  org.testng.internal.Utils - [Utils] MethodGroupsHelper.collectMethodsByGroup() took 0 ms.
2026-06-05 16:31:55,022 INFO  org.testng.internal.Utils - [Utils] MethodGroupsHelper.sortMethods() took 0 ms.
2026-06-05 16:31:55,022 INFO  org.testng.internal.Utils - [Utils] MethodGroupsHelper.collectMethodsByGroup() took 0 ms.
2026-06-05 16:31:55,023 INFO  org.testng.internal.Utils - [Utils] MethodGroupsHelper.sortMethods() took 0 ms.
2026-06-05 16:31:55,024 INFO  org.testng.internal.Utils - [Utils] MethodGroupsHelper.collectMethodsByGroup() took 0 ms.
2026-06-05 16:31:55,024 INFO  org.testng.internal.Utils - [Utils] MethodGroupsHelper.sortMethods() took 0 ms.
2026-06-05 16:31:55,025 INFO  org.testng.internal.Utils - [Utils] MethodGroupsHelper.collectMethodsByGroup() took 0 ms.
2026-06-05 16:31:55,025 INFO  org.testng.internal.Utils - [Utils] MethodGroupsHelper.sortMethods() took 0 ms.
2026-06-05 16:31:55,026 INFO  org.testng.internal.Utils - [Utils] MethodGroupsHelper.collectMethodsByGroup() took 0 ms.
2026-06-05 16:31:55,026 INFO  org.testng.internal.Utils - [Utils] MethodGroupsHelper.sortMethods() took 0 ms.
2026-06-05 16:31:55,036 INFO  org.testng.internal.Utils - [Utils] MethodGroupsHelper.collectMethodsByGroup() took 5 ms.
2026-06-05 16:31:55,044 INFO  org.testng.internal.Utils - [Utils] MethodGroupsHelper.sortMethods() took 7 ms.
2026-06-05 16:31:55,045 INFO  org.testng.internal.Utils - [Utils] MethodGroupsHelper.collectMethodsByGroup() took 0 ms.
2026-06-05 16:31:55,046 INFO  org.testng.internal.Utils - [Utils] MethodGroupsHelper.sortMethods() took 1 ms.
2026-06-05 16:31:55,049 INFO  org.testng.internal.Utils - [Utils] MethodGroupsHelper.collectMethodsByGroup() took 0 ms.
2026-06-05 16:31:55,049 INFO  org.testng.internal.Utils - [Utils] MethodGroupsHelper.sortMethods() took 0 ms.
2026-06-05 16:31:55,049 INFO  org.testng.internal.Utils - [Utils] MethodGroupsHelper.collectMethodsByGroup() took 0 ms.
2026-06-05 16:31:55,049 INFO  org.testng.internal.Utils - [Utils] MethodGroupsHelper.sortMethods() took 0 ms.
2026-06-05 16:31:55,052 INFO  org.testng.internal.Utils - [Utils] MethodGroupsHelper.collectMethodsByGroup() took 2 ms.
2026-06-05 16:31:55,052 INFO  org.testng.internal.Utils - [Utils] MethodGroupsHelper.sortMethods() took 0 ms.
2026-06-05 16:31:55,054 INFO  org.testng.internal.Utils - [Utils] MethodGroupsHelper.collectMethodsByGroup() took 0 ms.
2026-06-05 16:31:55,054 INFO  org.testng.internal.Utils - [Utils] MethodGroupsHelper.sortMethods() took 0 ms.
2026-06-05 16:31:55,054 INFO  org.testng.internal.Utils - [Utils] MethodGroupsHelper.collectMethodsByGroup() took 0 ms.
2026-06-05 16:31:55,054 INFO  org.testng.internal.Utils - [Utils] MethodGroupsHelper.sortMethods() took 0 ms.
2026-06-05 16:31:55,060 INFO  org.testng.internal.Utils - [TestNG] Running:
  C:\Users\himan\AppData\Local\Temp\testng-eclipse-1911379512\testng-customsuite.xml

2026-06-05 16:31:55,076 INFO  org.testng.internal.Utils - [Utils] DynamicGraphHelper.createDynamicGraph() took 3 ms.
2026-06-05 16:31:55,470 INFO  io.github.bonigarcia.wdm.WebDriverManager - Using chromedriver 148.0.7778.178 (resolved driver for Chrome 148)
2026-06-05 16:31:55,491 INFO  io.github.bonigarcia.wdm.WebDriverManager - Exporting webdriver.chrome.driver as C:\Users\himan\.cache\selenium\chromedriver\win64\148.0.7778.178\chromedriver.exe
2026-06-05 16:32:02,123 INFO  org.testng.internal.Utils - [TestNG] Time taken by org.testng.reporters.jq.Main@28737371: 43 ms
2026-06-05 16:32:02,124 INFO  org.testng.internal.Utils - [TestNG] Time taken by org.testng.reporters.FailedReporter@2af46afd: 1 ms
2026-06-05 16:32:02,129 INFO  org.testng.internal.Utils - [TestNG] Time taken by org.testng.reporters.XMLReporter@3a08078c: 5 ms
2026-06-05 16:32:02,133 INFO  org.testng.internal.Utils - [TestNG] Time taken by org.testng.reporters.EmailableReporter2@2ec3633f: 3 ms
2026-06-05 16:32:02,139 INFO  org.testng.internal.Utils - [TestNG] Time taken by org.testng.reporters.JUnitReportReporter@a7ad6e5: 6 ms
2026-06-05 16:32:02,139 INFO  org.testng.internal.Utils - [TestNG] Time taken by org.testng.internal.ExitCodeListener@3b1ed14b: 0 ms
2026-06-05 16:32:39,127 INFO  org.testng.internal.Utils - [TestNG] Running:
  E:\java\Guru99\testng.xml

2026-06-05 16:32:39,505 INFO  io.github.bonigarcia.wdm.WebDriverManager - Using chromedriver 148.0.7778.178 (resolved driver for Chrome 148)
2026-06-05 16:32:39,528 INFO  io.github.bonigarcia.wdm.WebDriverManager - Exporting webdriver.chrome.driver as C:\Users\himan\.cache\selenium\chromedriver\win64\148.0.7778.178\chromedriver.exe
2026-06-05 16:32:46,368 INFO  io.github.bonigarcia.wdm.WebDriverManager - Using chromedriver 148.0.7778.178 (resolved driver for Chrome 148)
2026-06-05 16:32:46,377 INFO  io.github.bonigarcia.wdm.WebDriverManager - Exporting webdriver.chrome.driver as C:\Users\himan\.cache\selenium\chromedriver\win64\148.0.7778.178\chromedriver.exe
2026-06-05 16:32:50,492 INFO  io.github.bonigarcia.wdm.WebDriverManager - Using chromedriver 148.0.7778.178 (resolved driver for Chrome 148)
2026-06-05 16:32:50,508 INFO  io.github.bonigarcia.wdm.WebDriverManager - Exporting webdriver.chrome.driver as C:\Users\himan\.cache\selenium\chromedriver\win64\148.0.7778.178\chromedriver.exe
2026-06-05 16:32:55,865 INFO  io.github.bonigarcia.wdm.WebDriverManager - Using chromedriver 148.0.7778.178 (resolved driver for Chrome 148)
2026-06-05 16:32:55,907 INFO  io.github.bonigarcia.wdm.WebDriverManager - Exporting webdriver.chrome.driver as C:\Users\himan\.cache\selenium\chromedriver\win64\148.0.7778.178\chromedriver.exe
2026-06-05 16:33:21,501 INFO  io.github.bonigarcia.wdm.WebDriverManager - Using chromedriver 148.0.7778.178 (resolved driver for Chrome 148)
2026-06-05 16:33:21,519 INFO  io.github.bonigarcia.wdm.WebDriverManager - Exporting webdriver.chrome.driver as C:\Users\himan\.cache\selenium\chromedriver\win64\148.0.7778.178\chromedriver.exe
2026-06-05 16:33:26,160 INFO  io.github.bonigarcia.wdm.WebDriverManager - Using chromedriver 148.0.7778.178 (resolved driver for Chrome 148)
2026-06-05 16:33:26,201 INFO  io.github.bonigarcia.wdm.WebDriverManager - Exporting webdriver.chrome.driver as C:\Users\himan\.cache\selenium\chromedriver\win64\148.0.7778.178\chromedriver.exe
2026-06-05 16:33:30,968 INFO  io.github.bonigarcia.wdm.WebDriverManager - Using chromedriver 148.0.7778.178 (resolved driver for Chrome 148)
2026-06-05 16:33:30,988 INFO  io.github.bonigarcia.wdm.WebDriverManager - Exporting webdriver.chrome.driver as C:\Users\himan\.cache\selenium\chromedriver\win64\148.0.7778.178\chromedriver.exe
2026-06-05 16:33:36,007 INFO  io.github.bonigarcia.wdm.WebDriverManager - Using chromedriver 148.0.7778.178 (resolved driver for Chrome 148)
2026-06-05 16:33:36,018 INFO  io.github.bonigarcia.wdm.WebDriverManager - Exporting webdriver.chrome.driver as C:\Users\himan\.cache\selenium\chromedriver\win64\148.0.7778.178\chromedriver.exe
2026-06-05 16:38:02,373 INFO  org.testng.internal.Utils - [TestNG] Running:
  E:\java\Guru99\testng.xml

2026-06-05 16:38:04,442 INFO  io.github.bonigarcia.wdm.WebDriverManager - Using chromedriver 148.0.7778.178 (resolved driver for Chrome 148)
2026-06-05 16:38:04,467 INFO  io.github.bonigarcia.wdm.WebDriverManager - Exporting webdriver.chrome.driver as C:\Users\himan\.cache\selenium\chromedriver\win64\148.0.7778.178\chromedriver.exe
2026-06-05 16:38:11,839 INFO  io.github.bonigarcia.wdm.WebDriverManager - Using chromedriver 148.0.7778.178 (resolved driver for Chrome 148)
2026-06-05 16:38:11,850 INFO  io.github.bonigarcia.wdm.WebDriverManager - Exporting webdriver.chrome.driver as C:\Users\himan\.cache\selenium\chromedriver\win64\148.0.7778.178\chromedriver.exe
2026-06-05 16:38:15,612 INFO  io.github.bonigarcia.wdm.WebDriverManager - Using chromedriver 148.0.7778.178 (resolved driver for Chrome 148)
2026-06-05 16:38:15,621 INFO  io.github.bonigarcia.wdm.WebDriverManager - Exporting webdriver.chrome.driver as C:\Users\himan\.cache\selenium\chromedriver\win64\148.0.7778.178\chromedriver.exe
2026-06-05 16:38:21,016 INFO  io.github.bonigarcia.wdm.WebDriverManager - Using chromedriver 148.0.7778.178 (resolved driver for Chrome 148)
2026-06-05 16:38:21,026 INFO  io.github.bonigarcia.wdm.WebDriverManager - Exporting webdriver.chrome.driver as C:\Users\himan\.cache\selenium\chromedriver\win64\148.0.7778.178\chromedriver.exe
2026-06-05 16:38:27,841 INFO  io.github.bonigarcia.wdm.WebDriverManager - Using chromedriver 148.0.7778.178 (resolved driver for Chrome 148)
2026-06-05 16:38:27,847 INFO  io.github.bonigarcia.wdm.WebDriverManager - Exporting webdriver.chrome.driver as C:\Users\himan\.cache\selenium\chromedriver\win64\148.0.7778.178\chromedriver.exe
2026-06-05 16:38:35,877 INFO  io.github.bonigarcia.wdm.WebDriverManager - Using chromedriver 148.0.7778.178 (resolved driver for Chrome 148)
2026-06-05 16:38:35,884 INFO  io.github.bonigarcia.wdm.WebDriverManager - Exporting webdriver.chrome.driver as C:\Users\himan\.cache\selenium\chromedriver\win64\148.0.7778.178\chromedriver.exe
2026-06-05 16:38:41,196 INFO  io.github.bonigarcia.wdm.WebDriverManager - Using chromedriver 148.0.7778.178 (resolved driver for Chrome 148)
2026-06-05 16:38:41,204 INFO  io.github.bonigarcia.wdm.WebDriverManager - Exporting webdriver.chrome.driver as C:\Users\himan\.cache\selenium\chromedriver\win64\148.0.7778.178\chromedriver.exe
2026-06-05 16:38:47,109 INFO  io.github.bonigarcia.wdm.WebDriverManager - Using chromedriver 148.0.7778.178 (resolved driver for Chrome 148)
2026-06-05 16:38:47,115 INFO  io.github.bonigarcia.wdm.WebDriverManager - Exporting webdriver.chrome.driver as C:\Users\himan\.cache\selenium\chromedriver\win64\148.0.7778.178\chromedriver.exe
2026-06-05 22:14:55,675 INFO  org.testng.internal.Utils - [TestNG] Running:
  E:\java\Guru99\testng.xml

2026-06-05 22:14:57,697 INFO  io.github.bonigarcia.wdm.WebDriverManager - Using chromedriver 148.0.7778.178 (resolved driver for Chrome 148)
2026-06-05 22:14:57,730 INFO  io.github.bonigarcia.wdm.WebDriverManager - Exporting webdriver.chrome.driver as C:\Users\himan\.cache\selenium\chromedriver\win64\148.0.7778.178\chromedriver.exe
2026-06-05 22:15:06,146 INFO  io.github.bonigarcia.wdm.WebDriverManager - Using chromedriver 148.0.7778.178 (resolved driver for Chrome 148)
2026-06-05 22:15:06,164 INFO  io.github.bonigarcia.wdm.WebDriverManager - Exporting webdriver.chrome.driver as C:\Users\himan\.cache\selenium\chromedriver\win64\148.0.7778.178\chromedriver.exe
2026-06-05 22:15:57,329 INFO  org.testng.internal.Utils - [TestNG] Running:
  E:\java\Guru99\testng.xml

2026-06-05 22:15:57,774 INFO  io.github.bonigarcia.wdm.WebDriverManager - Using chromedriver 148.0.7778.178 (resolved driver for Chrome 148)
2026-06-05 22:15:57,823 INFO  io.github.bonigarcia.wdm.WebDriverManager - Exporting webdriver.chrome.driver as C:\Users\himan\.cache\selenium\chromedriver\win64\148.0.7778.178\chromedriver.exe
2026-06-05 22:16:04,999 INFO  io.github.bonigarcia.wdm.WebDriverManager - Using chromedriver 148.0.7778.178 (resolved driver for Chrome 148)
2026-06-05 22:16:05,018 INFO  io.github.bonigarcia.wdm.WebDriverManager - Exporting webdriver.chrome.driver as C:\Users\himan\.cache\selenium\chromedriver\win64\148.0.7778.178\chromedriver.exe
2026-06-05 22:17:25,628 INFO  org.testng.internal.Utils - [TestNG] Running:
  E:\java\Guru99\testng.xml

2026-06-05 22:17:26,118 INFO  io.github.bonigarcia.wdm.WebDriverManager - Using chromedriver 148.0.7778.178 (resolved driver for Chrome 148)
2026-06-05 22:17:26,166 INFO  io.github.bonigarcia.wdm.WebDriverManager - Exporting webdriver.chrome.driver as C:\Users\himan\.cache\selenium\chromedriver\win64\148.0.7778.178\chromedriver.exe
2026-06-05 22:17:33,383 INFO  io.github.bonigarcia.wdm.WebDriverManager - Using chromedriver 148.0.7778.178 (resolved driver for Chrome 148)
2026-06-05 22:17:33,397 INFO  io.github.bonigarcia.wdm.WebDriverManager - Exporting webdriver.chrome.driver as C:\Users\himan\.cache\selenium\chromedriver\win64\148.0.7778.178\chromedriver.exe
2026-06-05 22:18:19,314 INFO  org.testng.internal.Utils - [TestNG] Running:
  E:\java\Guru99\testng.xml

2026-06-05 22:18:19,804 INFO  io.github.bonigarcia.wdm.WebDriverManager - Using chromedriver 148.0.7778.178 (resolved driver for Chrome 148)
2026-06-05 22:18:19,854 INFO  io.github.bonigarcia.wdm.WebDriverManager - Exporting webdriver.chrome.driver as C:\Users\himan\.cache\selenium\chromedriver\win64\148.0.7778.178\chromedriver.exe
2026-06-05 22:18:26,934 INFO  io.github.bonigarcia.wdm.WebDriverManager - Using chromedriver 148.0.7778.178 (resolved driver for Chrome 148)
2026-06-05 22:18:26,948 INFO  io.github.bonigarcia.wdm.WebDriverManager - Exporting webdriver.chrome.driver as C:\Users\himan\.cache\selenium\chromedriver\win64\148.0.7778.178\chromedriver.exe
2026-06-05 22:20:56,733 INFO  org.testng.internal.Utils - [TestNG] Running:
  E:\java\Guru99\testng.xml

2026-06-05 22:20:57,296 INFO  io.github.bonigarcia.wdm.WebDriverManager - Using chromedriver 148.0.7778.178 (resolved driver for Chrome 148)
2026-06-05 22:20:57,323 INFO  io.github.bonigarcia.wdm.WebDriverManager - Exporting webdriver.chrome.driver as C:\Users\himan\.cache\selenium\chromedriver\win64\148.0.7778.178\chromedriver.exe
2026-06-05 22:21:04,754 INFO  io.github.bonigarcia.wdm.WebDriverManager - Using chromedriver 148.0.7778.178 (resolved driver for Chrome 148)
2026-06-05 22:21:04,762 INFO  io.github.bonigarcia.wdm.WebDriverManager - Exporting webdriver.chrome.driver as C:\Users\himan\.cache\selenium\chromedriver\win64\148.0.7778.178\chromedriver.exe
2026-06-05 22:27:22,940 INFO  org.testng.internal.Utils - [TestNG] Running:
  E:\java\Guru99\testng.xml

2026-06-05 22:27:23,854 INFO  io.github.bonigarcia.wdm.WebDriverManager - Using chromedriver 148.0.7778.178 (resolved driver for Chrome 148)
2026-06-05 22:27:23,948 INFO  io.github.bonigarcia.wdm.WebDriverManager - Exporting webdriver.chrome.driver as C:\Users\himan\.cache\selenium\chromedriver\win64\148.0.7778.178\chromedriver.exe
2026-06-05 22:27:32,786 INFO  io.github.bonigarcia.wdm.WebDriverManager - Using chromedriver 148.0.7778.178 (resolved driver for Chrome 148)
2026-06-05 22:27:32,803 INFO  io.github.bonigarcia.wdm.WebDriverManager - Exporting webdriver.chrome.driver as C:\Users\himan\.cache\selenium\chromedriver\win64\148.0.7778.178\chromedriver.exe
2026-06-05 22:28:40,329 INFO  org.testng.internal.Utils - [Utils] MethodGroupsHelper.collectMethodsByGroup() took 2 ms.
2026-06-05 22:28:40,342 INFO  org.testng.internal.Utils - [Utils] MethodGroupsHelper.sortMethods() took 1 ms.
2026-06-05 22:28:40,347 INFO  org.testng.internal.Utils - [Utils] MethodGroupsHelper.collectMethodsByGroup() took 0 ms.
2026-06-05 22:28:40,348 INFO  org.testng.internal.Utils - [Utils] MethodGroupsHelper.sortMethods() took 0 ms.
2026-06-05 22:28:40,352 INFO  org.testng.internal.Utils - [Utils] MethodGroupsHelper.collectMethodsByGroup() took 0 ms.
2026-06-05 22:28:40,353 INFO  org.testng.internal.Utils - [Utils] MethodGroupsHelper.sortMethods() took 0 ms.
2026-06-05 22:28:40,356 INFO  org.testng.internal.Utils - [Utils] MethodGroupsHelper.collectMethodsByGroup() took 0 ms.
2026-06-05 22:28:40,357 INFO  org.testng.internal.Utils - [Utils] MethodGroupsHelper.sortMethods() took 0 ms.
2026-06-05 22:28:40,361 INFO  org.testng.internal.Utils - [Utils] MethodGroupsHelper.collectMethodsByGroup() took 0 ms.
2026-06-05 22:28:40,362 INFO  org.testng.internal.Utils - [Utils] MethodGroupsHelper.sortMethods() took 0 ms.
2026-06-05 22:28:40,363 INFO  org.testng.internal.Utils - [Utils] MethodGroupsHelper.collectMethodsByGroup() took 0 ms.
2026-06-05 22:28:40,363 INFO  org.testng.internal.Utils - [Utils] MethodGroupsHelper.sortMethods() took 0 ms.
2026-06-05 22:28:40,364 INFO  org.testng.internal.Utils - [Utils] MethodGroupsHelper.collectMethodsByGroup() took 0 ms.
2026-06-05 22:28:40,365 INFO  org.testng.internal.Utils - [Utils] MethodGroupsHelper.sortMethods() took 0 ms.
2026-06-05 22:28:40,366 INFO  org.testng.internal.Utils - [Utils] MethodGroupsHelper.collectMethodsByGroup() took 0 ms.
2026-06-05 22:28:40,366 INFO  org.testng.internal.Utils - [Utils] MethodGroupsHelper.sortMethods() took 0 ms.
2026-06-05 22:28:40,383 INFO  org.testng.internal.Utils - [Utils] MethodGroupsHelper.collectMethodsByGroup() took 11 ms.
2026-06-05 22:28:40,400 INFO  org.testng.internal.Utils - [Utils] MethodGroupsHelper.sortMethods() took 15 ms.
2026-06-05 22:28:40,401 INFO  org.testng.internal.Utils - [Utils] MethodGroupsHelper.collectMethodsByGroup() took 0 ms.
2026-06-05 22:28:40,402 INFO  org.testng.internal.Utils - [Utils] MethodGroupsHelper.sortMethods() took 0 ms.
2026-06-05 22:28:40,407 INFO  org.testng.internal.Utils - [Utils] MethodGroupsHelper.collectMethodsByGroup() took 0 ms.
2026-06-05 22:28:40,407 INFO  org.testng.internal.Utils - [Utils] MethodGroupsHelper.sortMethods() took 0 ms.
2026-06-05 22:28:40,407 INFO  org.testng.internal.Utils - [Utils] MethodGroupsHelper.collectMethodsByGroup() took 0 ms.
2026-06-05 22:28:40,408 INFO  org.testng.internal.Utils - [Utils] MethodGroupsHelper.sortMethods() took 0 ms.
2026-06-05 22:28:40,415 INFO  org.testng.internal.Utils - [Utils] MethodGroupsHelper.collectMethodsByGroup() took 5 ms.
2026-06-05 22:28:40,416 INFO  org.testng.internal.Utils - [Utils] MethodGroupsHelper.sortMethods() took 0 ms.
2026-06-05 22:28:40,420 INFO  org.testng.internal.Utils - [Utils] MethodGroupsHelper.collectMethodsByGroup() took 0 ms.
2026-06-05 22:28:40,420 INFO  org.testng.internal.Utils - [Utils] MethodGroupsHelper.sortMethods() took 0 ms.
2026-06-05 22:28:40,421 INFO  org.testng.internal.Utils - [Utils] MethodGroupsHelper.collectMethodsByGroup() took 0 ms.
2026-06-05 22:28:40,421 INFO  org.testng.internal.Utils - [Utils] MethodGroupsHelper.sortMethods() took 0 ms.
2026-06-05 22:28:40,432 INFO  org.testng.internal.Utils - [TestNG] Running:
  C:\Users\himan\AppData\Local\Temp\testng-eclipse-1780193301\testng-customsuite.xml

2026-06-05 22:28:40,472 INFO  org.testng.internal.Utils - [Utils] DynamicGraphHelper.createDynamicGraph() took 9 ms.
2026-06-05 22:28:41,270 INFO  io.github.bonigarcia.wdm.WebDriverManager - Using chromedriver 148.0.7778.178 (resolved driver for Chrome 148)
2026-06-05 22:28:41,321 INFO  io.github.bonigarcia.wdm.WebDriverManager - Exporting webdriver.chrome.driver as C:\Users\himan\.cache\selenium\chromedriver\win64\148.0.7778.178\chromedriver.exe
2026-06-05 22:28:46,753 INFO  org.testng.internal.Utils - [TestNG] Time taken by org.testng.reporters.jq.Main@126f1ba8: 102 ms
2026-06-05 22:28:46,776 INFO  org.testng.internal.Utils - [TestNG] Time taken by org.testng.reporters.FailedReporter@475646d4: 22 ms
2026-06-05 22:28:46,791 INFO  org.testng.internal.Utils - [TestNG] Time taken by org.testng.reporters.XMLReporter@5aaaa446: 14 ms
2026-06-05 22:28:46,806 INFO  org.testng.internal.Utils - [TestNG] Time taken by org.testng.reporters.EmailableReporter2@14b7786: 14 ms
2026-06-05 22:28:46,819 INFO  org.testng.internal.Utils - [TestNG] Time taken by org.testng.reporters.JUnitReportReporter@3d37203b: 13 ms
2026-06-05 22:28:46,819 INFO  org.testng.internal.Utils - [TestNG] Time taken by org.testng.internal.ExitCodeListener@7fd26ad8: 0 ms
2026-06-05 22:28:58,979 INFO  org.testng.internal.Utils - [Utils] MethodGroupsHelper.collectMethodsByGroup() took 1 ms.
2026-06-05 22:28:58,992 INFO  org.testng.internal.Utils - [Utils] MethodGroupsHelper.sortMethods() took 2 ms.
2026-06-05 22:28:58,996 INFO  org.testng.internal.Utils - [Utils] MethodGroupsHelper.collectMethodsByGroup() took 0 ms.
2026-06-05 22:28:58,997 INFO  org.testng.internal.Utils - [Utils] MethodGroupsHelper.sortMethods() took 0 ms.
2026-06-05 22:28:58,999 INFO  org.testng.internal.Utils - [Utils] MethodGroupsHelper.collectMethodsByGroup() took 0 ms.
2026-06-05 22:28:58,999 INFO  org.testng.internal.Utils - [Utils] MethodGroupsHelper.sortMethods() took 0 ms.
2026-06-05 22:28:59,000 INFO  org.testng.internal.Utils - [Utils] MethodGroupsHelper.collectMethodsByGroup() took 0 ms.
2026-06-05 22:28:59,001 INFO  org.testng.internal.Utils - [Utils] MethodGroupsHelper.sortMethods() took 0 ms.
2026-06-05 22:28:59,001 INFO  org.testng.internal.Utils - [Utils] MethodGroupsHelper.collectMethodsByGroup() took 0 ms.
2026-06-05 22:28:59,002 INFO  org.testng.internal.Utils - [Utils] MethodGroupsHelper.sortMethods() took 0 ms.
2026-06-05 22:28:59,002 INFO  org.testng.internal.Utils - [Utils] MethodGroupsHelper.collectMethodsByGroup() took 0 ms.
2026-06-05 22:28:59,003 INFO  org.testng.internal.Utils - [Utils] MethodGroupsHelper.sortMethods() took 0 ms.
2026-06-05 22:28:59,004 INFO  org.testng.internal.Utils - [Utils] MethodGroupsHelper.collectMethodsByGroup() took 0 ms.
2026-06-05 22:28:59,004 INFO  org.testng.internal.Utils - [Utils] MethodGroupsHelper.sortMethods() took 0 ms.
2026-06-05 22:28:59,005 INFO  org.testng.internal.Utils - [Utils] MethodGroupsHelper.collectMethodsByGroup() took 0 ms.
2026-06-05 22:28:59,005 INFO  org.testng.internal.Utils - [Utils] MethodGroupsHelper.sortMethods() took 0 ms.
2026-06-05 22:28:59,017 INFO  org.testng.internal.Utils - [Utils] MethodGroupsHelper.collectMethodsByGroup() took 9 ms.
2026-06-05 22:28:59,030 INFO  org.testng.internal.Utils - [Utils] MethodGroupsHelper.sortMethods() took 12 ms.
2026-06-05 22:28:59,033 INFO  org.testng.internal.Utils - [Utils] MethodGroupsHelper.collectMethodsByGroup() took 0 ms.
2026-06-05 22:28:59,036 INFO  org.testng.internal.Utils - [Utils] MethodGroupsHelper.sortMethods() took 2 ms.
2026-06-05 22:28:59,039 INFO  org.testng.internal.Utils - [Utils] MethodGroupsHelper.collectMethodsByGroup() took 0 ms.
2026-06-05 22:28:59,039 INFO  org.testng.internal.Utils - [Utils] MethodGroupsHelper.sortMethods() took 0 ms.
2026-06-05 22:28:59,039 INFO  org.testng.internal.Utils - [Utils] MethodGroupsHelper.collectMethodsByGroup() took 0 ms.
2026-06-05 22:28:59,039 INFO  org.testng.internal.Utils - [Utils] MethodGroupsHelper.sortMethods() took 0 ms.
2026-06-05 22:28:59,043 INFO  org.testng.internal.Utils - [Utils] MethodGroupsHelper.collectMethodsByGroup() took 3 ms.
2026-06-05 22:28:59,043 INFO  org.testng.internal.Utils - [Utils] MethodGroupsHelper.sortMethods() took 0 ms.
2026-06-05 22:28:59,047 INFO  org.testng.internal.Utils - [Utils] MethodGroupsHelper.collectMethodsByGroup() took 0 ms.
2026-06-05 22:28:59,048 INFO  org.testng.internal.Utils - [Utils] MethodGroupsHelper.sortMethods() took 0 ms.
2026-06-05 22:28:59,048 INFO  org.testng.internal.Utils - [Utils] MethodGroupsHelper.collectMethodsByGroup() took 0 ms.
2026-06-05 22:28:59,048 INFO  org.testng.internal.Utils - [Utils] MethodGroupsHelper.sortMethods() took 0 ms.
2026-06-05 22:28:59,056 INFO  org.testng.internal.Utils - [TestNG] Running:
  C:\Users\himan\AppData\Local\Temp\testng-eclipse--777401204\testng-customsuite.xml

2026-06-05 22:28:59,103 INFO  org.testng.internal.Utils - [Utils] DynamicGraphHelper.createDynamicGraph() took 23 ms.
2026-06-05 22:28:59,792 INFO  io.github.bonigarcia.wdm.WebDriverManager - Using chromedriver 148.0.7778.178 (resolved driver for Chrome 148)
2026-06-05 22:28:59,838 INFO  io.github.bonigarcia.wdm.WebDriverManager - Exporting webdriver.chrome.driver as C:\Users\himan\.cache\selenium\chromedriver\win64\148.0.7778.178\chromedriver.exe
2026-06-05 22:29:08,707 INFO  org.testng.internal.Utils - [TestNG] Time taken by org.testng.reporters.jq.Main@859ea42: 92 ms
2026-06-05 22:29:08,708 INFO  org.testng.internal.Utils - [TestNG] Time taken by org.testng.reporters.FailedReporter@28737371: 1 ms
2026-06-05 22:29:08,721 INFO  org.testng.internal.Utils - [TestNG] Time taken by org.testng.reporters.XMLReporter@126f1ba8: 13 ms
2026-06-05 22:29:08,733 INFO  org.testng.internal.Utils - [TestNG] Time taken by org.testng.reporters.EmailableReporter2@1f3165e7: 12 ms
2026-06-05 22:29:08,743 INFO  org.testng.internal.Utils - [TestNG] Time taken by org.testng.reporters.JUnitReportReporter@119c745c: 10 ms
2026-06-05 22:29:08,743 INFO  org.testng.internal.Utils - [TestNG] Time taken by org.testng.internal.ExitCodeListener@a7ad6e5: 0 ms
2026-06-05 22:30:44,017 INFO  org.testng.internal.Utils - [Utils] MethodGroupsHelper.collectMethodsByGroup() took 0 ms.
2026-06-05 22:30:44,022 INFO  org.testng.internal.Utils - [Utils] MethodGroupsHelper.sortMethods() took 1 ms.
2026-06-05 22:30:44,025 INFO  org.testng.internal.Utils - [Utils] MethodGroupsHelper.collectMethodsByGroup() took 0 ms.
2026-06-05 22:30:44,025 INFO  org.testng.internal.Utils - [Utils] MethodGroupsHelper.sortMethods() took 0 ms.
2026-06-05 22:30:44,026 INFO  org.testng.internal.Utils - [Utils] MethodGroupsHelper.collectMethodsByGroup() took 0 ms.
2026-06-05 22:30:44,026 INFO  org.testng.internal.Utils - [Utils] MethodGroupsHelper.sortMethods() took 0 ms.
2026-06-05 22:30:44,026 INFO  org.testng.internal.Utils - [Utils] MethodGroupsHelper.collectMethodsByGroup() took 0 ms.
2026-06-05 22:30:44,026 INFO  org.testng.internal.Utils - [Utils] MethodGroupsHelper.sortMethods() took 0 ms.
2026-06-05 22:30:44,027 INFO  org.testng.internal.Utils - [Utils] MethodGroupsHelper.collectMethodsByGroup() took 0 ms.
2026-06-05 22:30:44,027 INFO  org.testng.internal.Utils - [Utils] MethodGroupsHelper.sortMethods() took 0 ms.
2026-06-05 22:30:44,028 INFO  org.testng.internal.Utils - [Utils] MethodGroupsHelper.collectMethodsByGroup() took 0 ms.
2026-06-05 22:30:44,029 INFO  org.testng.internal.Utils - [Utils] MethodGroupsHelper.sortMethods() took 0 ms.
2026-06-05 22:30:44,030 INFO  org.testng.internal.Utils - [Utils] MethodGroupsHelper.collectMethodsByGroup() took 0 ms.
2026-06-05 22:30:44,030 INFO  org.testng.internal.Utils - [Utils] MethodGroupsHelper.sortMethods() took 0 ms.
2026-06-05 22:30:44,030 INFO  org.testng.internal.Utils - [Utils] MethodGroupsHelper.collectMethodsByGroup() took 0 ms.
2026-06-05 22:30:44,031 INFO  org.testng.internal.Utils - [Utils] MethodGroupsHelper.sortMethods() took 0 ms.
2026-06-05 22:30:44,039 INFO  org.testng.internal.Utils - [Utils] MethodGroupsHelper.collectMethodsByGroup() took 5 ms.
2026-06-05 22:30:44,050 INFO  org.testng.internal.Utils - [Utils] MethodGroupsHelper.sortMethods() took 10 ms.
2026-06-05 22:30:44,051 INFO  org.testng.internal.Utils - [Utils] MethodGroupsHelper.collectMethodsByGroup() took 1 ms.
2026-06-05 22:30:44,051 INFO  org.testng.internal.Utils - [Utils] MethodGroupsHelper.sortMethods() took 0 ms.
2026-06-05 22:30:44,054 INFO  org.testng.internal.Utils - [Utils] MethodGroupsHelper.collectMethodsByGroup() took 0 ms.
2026-06-05 22:30:44,054 INFO  org.testng.internal.Utils - [Utils] MethodGroupsHelper.sortMethods() took 0 ms.
2026-06-05 22:30:44,054 INFO  org.testng.internal.Utils - [Utils] MethodGroupsHelper.collectMethodsByGroup() took 0 ms.
2026-06-05 22:30:44,054 INFO  org.testng.internal.Utils - [Utils] MethodGroupsHelper.sortMethods() took 0 ms.
2026-06-05 22:30:44,056 INFO  org.testng.internal.Utils - [Utils] MethodGroupsHelper.collectMethodsByGroup() took 1 ms.
2026-06-05 22:30:44,058 INFO  org.testng.internal.Utils - [Utils] MethodGroupsHelper.sortMethods() took 2 ms.
2026-06-05 22:30:44,060 INFO  org.testng.internal.Utils - [Utils] MethodGroupsHelper.collectMethodsByGroup() took 0 ms.
2026-06-05 22:30:44,060 INFO  org.testng.internal.Utils - [Utils] MethodGroupsHelper.sortMethods() took 0 ms.
2026-06-05 22:30:44,061 INFO  org.testng.internal.Utils - [Utils] MethodGroupsHelper.collectMethodsByGroup() took 0 ms.
2026-06-05 22:30:44,061 INFO  org.testng.internal.Utils - [Utils] MethodGroupsHelper.sortMethods() took 0 ms.
2026-06-05 22:30:44,075 INFO  org.testng.internal.Utils - [TestNG] Running:
  C:\Users\himan\AppData\Local\Temp\testng-eclipse--1186419933\testng-customsuite.xml

2026-06-05 22:30:44,101 INFO  org.testng.internal.Utils - [Utils] DynamicGraphHelper.createDynamicGraph() took 5 ms.
2026-06-05 22:30:44,718 INFO  io.github.bonigarcia.wdm.WebDriverManager - Using chromedriver 148.0.7778.178 (resolved driver for Chrome 148)
2026-06-05 22:30:44,764 INFO  io.github.bonigarcia.wdm.WebDriverManager - Exporting webdriver.chrome.driver as C:\Users\himan\.cache\selenium\chromedriver\win64\148.0.7778.178\chromedriver.exe
2026-06-05 22:30:49,869 INFO  org.testng.internal.Utils - [TestNG] Time taken by org.testng.reporters.jq.Main@2042ccce: 98 ms
2026-06-05 22:30:49,870 INFO  org.testng.internal.Utils - [TestNG] Time taken by org.testng.reporters.FailedReporter@20de05e5: 0 ms
2026-06-05 22:30:49,885 INFO  org.testng.internal.Utils - [TestNG] Time taken by org.testng.reporters.XMLReporter@73d3e555: 14 ms
2026-06-05 22:30:49,917 INFO  org.testng.internal.Utils - [TestNG] Time taken by org.testng.reporters.EmailableReporter2@4cfa8227: 32 ms
2026-06-05 22:30:49,930 INFO  org.testng.internal.Utils - [TestNG] Time taken by org.testng.reporters.JUnitReportReporter@1d5d5621: 11 ms
2026-06-05 22:30:49,931 INFO  org.testng.internal.Utils - [TestNG] Time taken by org.testng.internal.ExitCodeListener@13275d8: 0 ms
2026-06-05 22:31:03,812 INFO  org.testng.internal.Utils - [TestNG] Running:
  E:\java\Guru99\testng.xml

2026-06-05 22:31:04,401 INFO  io.github.bonigarcia.wdm.WebDriverManager - Using chromedriver 148.0.7778.178 (resolved driver for Chrome 148)
2026-06-05 22:31:04,461 INFO  io.github.bonigarcia.wdm.WebDriverManager - Exporting webdriver.chrome.driver as C:\Users\himan\.cache\selenium\chromedriver\win64\148.0.7778.178\chromedriver.exe
2026-06-05 22:31:12,076 INFO  io.github.bonigarcia.wdm.WebDriverManager - Using chromedriver 148.0.7778.178 (resolved driver for Chrome 148)
2026-06-05 22:31:12,085 INFO  io.github.bonigarcia.wdm.WebDriverManager - Exporting webdriver.chrome.driver as C:\Users\himan\.cache\selenium\chromedriver\win64\148.0.7778.178\chromedriver.exe
2026-06-05 22:31:16,388 INFO  io.github.bonigarcia.wdm.WebDriverManager - Using chromedriver 148.0.7778.178 (resolved driver for Chrome 148)
2026-06-05 22:31:16,400 INFO  io.github.bonigarcia.wdm.WebDriverManager - Exporting webdriver.chrome.driver as C:\Users\himan\.cache\selenium\chromedriver\win64\148.0.7778.178\chromedriver.exe
2026-06-05 22:31:22,970 INFO  io.github.bonigarcia.wdm.WebDriverManager - Using chromedriver 148.0.7778.178 (resolved driver for Chrome 148)
2026-06-05 22:31:22,993 INFO  io.github.bonigarcia.wdm.WebDriverManager - Exporting webdriver.chrome.driver as C:\Users\himan\.cache\selenium\chromedriver\win64\148.0.7778.178\chromedriver.exe
2026-06-05 22:31:31,403 INFO  io.github.bonigarcia.wdm.WebDriverManager - Using chromedriver 148.0.7778.178 (resolved driver for Chrome 148)
2026-06-05 22:31:31,422 INFO  io.github.bonigarcia.wdm.WebDriverManager - Exporting webdriver.chrome.driver as C:\Users\himan\.cache\selenium\chromedriver\win64\148.0.7778.178\chromedriver.exe
2026-06-05 22:31:40,666 INFO  io.github.bonigarcia.wdm.WebDriverManager - Using chromedriver 148.0.7778.178 (resolved driver for Chrome 148)
2026-06-05 22:31:40,686 INFO  io.github.bonigarcia.wdm.WebDriverManager - Exporting webdriver.chrome.driver as C:\Users\himan\.cache\selenium\chromedriver\win64\148.0.7778.178\chromedriver.exe
2026-06-05 22:31:47,286 INFO  io.github.bonigarcia.wdm.WebDriverManager - Using chromedriver 148.0.7778.178 (resolved driver for Chrome 148)
2026-06-05 22:31:47,309 INFO  io.github.bonigarcia.wdm.WebDriverManager - Exporting webdriver.chrome.driver as C:\Users\himan\.cache\selenium\chromedriver\win64\148.0.7778.178\chromedriver.exe
2026-06-05 22:31:54,249 INFO  io.github.bonigarcia.wdm.WebDriverManager - Using chromedriver 148.0.7778.178 (resolved driver for Chrome 148)
2026-06-05 22:31:54,261 INFO  io.github.bonigarcia.wdm.WebDriverManager - Exporting webdriver.chrome.driver as C:\Users\himan\.cache\selenium\chromedriver\win64\148.0.7778.178\chromedriver.exe
2026-06-06 00:44:25,883 INFO  org.testng.internal.Utils - [TestNG] Running:
  E:\java\Guru99\testng.xml

2026-06-06 00:44:28,651 INFO  io.github.bonigarcia.wdm.WebDriverManager - Using chromedriver 148.0.7778.178 (resolved driver for Chrome 148)
2026-06-06 00:44:28,684 INFO  io.github.bonigarcia.wdm.WebDriverManager - Exporting webdriver.chrome.driver as C:\Users\himan\.cache\selenium\chromedriver\win64\148.0.7778.178\chromedriver.exe
2026-06-06 00:44:36,528 INFO  io.github.bonigarcia.wdm.WebDriverManager - Using chromedriver 148.0.7778.178 (resolved driver for Chrome 148)
2026-06-06 00:44:36,541 INFO  io.github.bonigarcia.wdm.WebDriverManager - Exporting webdriver.chrome.driver as C:\Users\himan\.cache\selenium\chromedriver\win64\148.0.7778.178\chromedriver.exe
2026-06-06 00:44:40,621 INFO  io.github.bonigarcia.wdm.WebDriverManager - Using chromedriver 148.0.7778.178 (resolved driver for Chrome 148)
2026-06-06 00:44:40,631 INFO  io.github.bonigarcia.wdm.WebDriverManager - Exporting webdriver.chrome.driver as C:\Users\himan\.cache\selenium\chromedriver\win64\148.0.7778.178\chromedriver.exe
2026-06-06 00:44:46,485 INFO  io.github.bonigarcia.wdm.WebDriverManager - Using chromedriver 148.0.7778.178 (resolved driver for Chrome 148)
2026-06-06 00:44:46,492 INFO  io.github.bonigarcia.wdm.WebDriverManager - Exporting webdriver.chrome.driver as C:\Users\himan\.cache\selenium\chromedriver\win64\148.0.7778.178\chromedriver.exe
2026-06-06 00:44:53,501 INFO  io.github.bonigarcia.wdm.WebDriverManager - Using chromedriver 148.0.7778.178 (resolved driver for Chrome 148)
2026-06-06 00:44:53,509 INFO  io.github.bonigarcia.wdm.WebDriverManager - Exporting webdriver.chrome.driver as C:\Users\himan\.cache\selenium\chromedriver\win64\148.0.7778.178\chromedriver.exe
2026-06-06 00:45:01,721 INFO  io.github.bonigarcia.wdm.WebDriverManager - Using chromedriver 148.0.7778.178 (resolved driver for Chrome 148)
2026-06-06 00:45:01,729 INFO  io.github.bonigarcia.wdm.WebDriverManager - Exporting webdriver.chrome.driver as C:\Users\himan\.cache\selenium\chromedriver\win64\148.0.7778.178\chromedriver.exe
2026-06-06 00:45:09,450 INFO  io.github.bonigarcia.wdm.WebDriverManager - Using chromedriver 148.0.7778.178 (resolved driver for Chrome 148)
2026-06-06 00:45:09,455 INFO  io.github.bonigarcia.wdm.WebDriverManager - Exporting webdriver.chrome.driver as C:\Users\himan\.cache\selenium\chromedriver\win64\148.0.7778.178\chromedriver.exe
2026-06-06 00:45:16,100 INFO  io.github.bonigarcia.wdm.WebDriverManager - Using chromedriver 148.0.7778.178 (resolved driver for Chrome 148)
2026-06-06 00:45:16,107 INFO  io.github.bonigarcia.wdm.WebDriverManager - Exporting webdriver.chrome.driver as C:\Users\himan\.cache\selenium\chromedriver\win64\148.0.7778.178\chromedriver.exe
2026-06-06 10:15:16,583 INFO  org.testng.internal.Utils - [TestNG] Running:
  E:\java\Guru99\testng.xml

2026-06-06 10:15:18,322 INFO  io.github.bonigarcia.wdm.WebDriverManager - Using chromedriver 148.0.7778.178 (resolved driver for Chrome 148)
2026-06-06 10:15:18,354 INFO  io.github.bonigarcia.wdm.WebDriverManager - Exporting webdriver.chrome.driver as C:\Users\himan\.cache\selenium\chromedriver\win64\148.0.7778.178\chromedriver.exe
2026-06-06 10:15:27,798 INFO  io.github.bonigarcia.wdm.WebDriverManager - Using chromedriver 148.0.7778.178 (resolved driver for Chrome 148)
2026-06-06 10:15:27,808 INFO  io.github.bonigarcia.wdm.WebDriverManager - Exporting webdriver.chrome.driver as C:\Users\himan\.cache\selenium\chromedriver\win64\148.0.7778.178\chromedriver.exe
2026-06-06 10:15:32,037 INFO  io.github.bonigarcia.wdm.WebDriverManager - Using chromedriver 148.0.7778.178 (resolved driver for Chrome 148)
2026-06-06 10:15:32,067 INFO  io.github.bonigarcia.wdm.WebDriverManager - Exporting webdriver.chrome.driver as C:\Users\himan\.cache\selenium\chromedriver\win64\148.0.7778.178\chromedriver.exe
2026-06-06 10:15:37,910 INFO  io.github.bonigarcia.wdm.WebDriverManager - Using chromedriver 148.0.7778.178 (resolved driver for Chrome 148)
2026-06-06 10:15:37,931 INFO  io.github.bonigarcia.wdm.WebDriverManager - Exporting webdriver.chrome.driver as C:\Users\himan\.cache\selenium\chromedriver\win64\148.0.7778.178\chromedriver.exe
2026-06-06 10:15:45,210 INFO  io.github.bonigarcia.wdm.WebDriverManager - Using chromedriver 148.0.7778.178 (resolved driver for Chrome 148)
2026-06-06 10:15:45,230 INFO  io.github.bonigarcia.wdm.WebDriverManager - Exporting webdriver.chrome.driver as C:\Users\himan\.cache\selenium\chromedriver\win64\148.0.7778.178\chromedriver.exe
2026-06-06 10:15:54,949 INFO  io.github.bonigarcia.wdm.WebDriverManager - Using chromedriver 148.0.7778.178 (resolved driver for Chrome 148)
2026-06-06 10:15:54,960 INFO  io.github.bonigarcia.wdm.WebDriverManager - Exporting webdriver.chrome.driver as C:\Users\himan\.cache\selenium\chromedriver\win64\148.0.7778.178\chromedriver.exe
2026-06-06 10:16:00,984 INFO  io.github.bonigarcia.wdm.WebDriverManager - Using chromedriver 148.0.7778.178 (resolved driver for Chrome 148)
2026-06-06 10:16:01,005 INFO  io.github.bonigarcia.wdm.WebDriverManager - Exporting webdriver.chrome.driver as C:\Users\himan\.cache\selenium\chromedriver\win64\148.0.7778.178\chromedriver.exe
2026-06-06 10:16:08,814 INFO  io.github.bonigarcia.wdm.WebDriverManager - Using chromedriver 148.0.7778.178 (resolved driver for Chrome 148)
2026-06-06 10:16:08,826 INFO  io.github.bonigarcia.wdm.WebDriverManager - Exporting webdriver.chrome.driver as C:\Users\himan\.cache\selenium\chromedriver\win64\148.0.7778.178\chromedriver.exe
2026-06-06 10:18:40,251 INFO  org.testng.internal.Utils - [TestNG] Running:
  E:\java\Guru99\testng.xml

2026-06-06 10:18:41,629 INFO  io.github.bonigarcia.wdm.WebDriverManager - Using chromedriver 148.0.7778.178 (resolved driver for Chrome 148)
2026-06-06 10:18:41,720 INFO  io.github.bonigarcia.wdm.WebDriverManager - Exporting webdriver.chrome.driver as C:\Users\himan\.cache\selenium\chromedriver\win64\148.0.7778.178\chromedriver.exe
2026-06-06 10:18:51,263 INFO  io.github.bonigarcia.wdm.WebDriverManager - Using chromedriver 148.0.7778.178 (resolved driver for Chrome 148)
2026-06-06 10:18:51,277 INFO  io.github.bonigarcia.wdm.WebDriverManager - Exporting webdriver.chrome.driver as C:\Users\himan\.cache\selenium\chromedriver\win64\148.0.7778.178\chromedriver.exe
2026-06-06 10:18:57,599 INFO  io.github.bonigarcia.wdm.WebDriverManager - Using chromedriver 148.0.7778.178 (resolved driver for Chrome 148)
2026-06-06 10:18:57,614 INFO  io.github.bonigarcia.wdm.WebDriverManager - Exporting webdriver.chrome.driver as C:\Users\himan\.cache\selenium\chromedriver\win64\148.0.7778.178\chromedriver.exe
2026-06-06 10:19:04,388 INFO  io.github.bonigarcia.wdm.WebDriverManager - Using chromedriver 148.0.7778.178 (resolved driver for Chrome 148)
2026-06-06 10:19:04,403 INFO  io.github.bonigarcia.wdm.WebDriverManager - Exporting webdriver.chrome.driver as C:\Users\himan\.cache\selenium\chromedriver\win64\148.0.7778.178\chromedriver.exe
2026-06-06 10:19:21,098 INFO  io.github.bonigarcia.wdm.WebDriverManager - Using chromedriver 148.0.7778.178 (resolved driver for Chrome 148)
2026-06-06 10:19:21,116 INFO  io.github.bonigarcia.wdm.WebDriverManager - Exporting webdriver.chrome.driver as C:\Users\himan\.cache\selenium\chromedriver\win64\148.0.7778.178\chromedriver.exe
2026-06-06 10:19:56,643 INFO  io.github.bonigarcia.wdm.WebDriverManager - Using chromedriver 148.0.7778.178 (resolved driver for Chrome 148)
2026-06-06 10:19:56,658 INFO  io.github.bonigarcia.wdm.WebDriverManager - Exporting webdriver.chrome.driver as C:\Users\himan\.cache\selenium\chromedriver\win64\148.0.7778.178\chromedriver.exe
2026-06-06 10:20:04,316 INFO  io.github.bonigarcia.wdm.WebDriverManager - Using chromedriver 148.0.7778.178 (resolved driver for Chrome 148)
2026-06-06 10:20:04,327 INFO  io.github.bonigarcia.wdm.WebDriverManager - Exporting webdriver.chrome.driver as C:\Users\himan\.cache\selenium\chromedriver\win64\148.0.7778.178\chromedriver.exe
2026-06-06 10:20:12,620 INFO  io.github.bonigarcia.wdm.WebDriverManager - Using chromedriver 148.0.7778.178 (resolved driver for Chrome 148)
2026-06-06 10:20:12,627 INFO  io.github.bonigarcia.wdm.WebDriverManager - Exporting webdriver.chrome.driver as C:\Users\himan\.cache\selenium\chromedriver\win64\148.0.7778.178\chromedriver.exe
